{"/Users/lorenzodamico/Documents/Uni/2_Semestre/Software_engineering/ezwh/EzWh/code/server/bin/controller/PositionManager.js":{"path":"/Users/lorenzodamico/Documents/Uni/2_Semestre/Software_engineering/ezwh/EzWh/code/server/bin/controller/PositionManager.js","statementMap":{"0":{"start":{"line":1,"column":17},"end":{"line":1,"column":45}},"1":{"start":{"line":2,"column":26},"end":{"line":2,"column":60}},"2":{"start":{"line":3,"column":12},"end":{"line":3,"column":35}},"3":{"start":{"line":4,"column":19},"end":{"line":4,"column":54}},"4":{"start":{"line":16,"column":16},"end":{"line":16,"column":87}},"5":{"start":{"line":18,"column":8},"end":{"line":18,"column":62}},"6":{"start":{"line":23,"column":24},"end":{"line":23,"column":79}},"7":{"start":{"line":24,"column":8},"end":{"line":24,"column":228}},"8":{"start":{"line":24,"column":37},"end":{"line":24,"column":225}},"9":{"start":{"line":29,"column":21},"end":{"line":29,"column":89}},"10":{"start":{"line":30,"column":8},"end":{"line":32,"column":9}},"11":{"start":{"line":31,"column":12},"end":{"line":31,"column":50}},"12":{"start":{"line":34,"column":28},"end":{"line":34,"column":47}},"13":{"start":{"line":35,"column":16},"end":{"line":35,"column":120}},"14":{"start":{"line":39,"column":26},"end":{"line":39,"column":107}},"15":{"start":{"line":40,"column":8},"end":{"line":51,"column":9}},"16":{"start":{"line":41,"column":23},"end":{"line":41,"column":52}},"17":{"start":{"line":42,"column":23},"end":{"line":42,"column":41}},"18":{"start":{"line":43,"column":22},"end":{"line":43,"column":40}},"19":{"start":{"line":45,"column":31},"end":{"line":45,"column":59}},"20":{"start":{"line":56,"column":8},"end":{"line":56,"column":81}},"21":{"start":{"line":64,"column":23},"end":{"line":64,"column":86}},"22":{"start":{"line":65,"column":8},"end":{"line":67,"column":9}},"23":{"start":{"line":66,"column":12},"end":{"line":66,"column":50}},"24":{"start":{"line":70,"column":21},"end":{"line":70,"column":43}},"25":{"start":{"line":71,"column":20},"end":{"line":71,"column":29}},"26":{"start":{"line":72,"column":18},"end":{"line":72,"column":27}},"27":{"start":{"line":73,"column":18},"end":{"line":73,"column":27}},"28":{"start":{"line":74,"column":16},"end":{"line":79,"column":9}},"29":{"start":{"line":80,"column":26},"end":{"line":80,"column":60}},"30":{"start":{"line":83,"column":8},"end":{"line":83,"column":76}},"31":{"start":{"line":89,"column":8},"end":{"line":89,"column":70}},"32":{"start":{"line":93,"column":8},"end":{"line":93,"column":70}},"33":{"start":{"line":97,"column":8},"end":{"line":97,"column":81}},"34":{"start":{"line":104,"column":0},"end":{"line":104,"column":39}}},"fnMap":{"0":{"name":"(anonymous_0)","decl":{"start":{"line":11,"column":4},"end":{"line":11,"column":5}},"loc":{"start":{"line":11,"column":18},"end":{"line":11,"column":20}},"line":11},"1":{"name":"(anonymous_1)","decl":{"start":{"line":13,"column":4},"end":{"line":13,"column":5}},"loc":{"start":{"line":13,"column":72},"end":{"line":20,"column":5}},"line":13},"2":{"name":"(anonymous_2)","decl":{"start":{"line":22,"column":4},"end":{"line":22,"column":5}},"loc":{"start":{"line":22,"column":29},"end":{"line":25,"column":5}},"line":22},"3":{"name":"(anonymous_3)","decl":{"start":{"line":24,"column":29},"end":{"line":24,"column":30}},"loc":{"start":{"line":24,"column":36},"end":{"line":24,"column":226}},"line":24},"4":{"name":"(anonymous_4)","decl":{"start":{"line":27,"column":4},"end":{"line":27,"column":5}},"loc":{"start":{"line":27,"column":114},"end":{"line":60,"column":5}},"line":27},"5":{"name":"(anonymous_5)","decl":{"start":{"line":62,"column":4},"end":{"line":62,"column":5}},"loc":{"start":{"line":62,"column":41},"end":{"line":86,"column":5}},"line":62},"6":{"name":"(anonymous_6)","decl":{"start":{"line":88,"column":4},"end":{"line":88,"column":5}},"loc":{"start":{"line":88,"column":29},"end":{"line":90,"column":5}},"line":88},"7":{"name":"(anonymous_7)","decl":{"start":{"line":92,"column":4},"end":{"line":92,"column":5}},"loc":{"start":{"line":92,"column":29},"end":{"line":94,"column":5}},"line":92},"8":{"name":"(anonymous_8)","decl":{"start":{"line":96,"column":4},"end":{"line":96,"column":5}},"loc":{"start":{"line":96,"column":31},"end":{"line":98,"column":5}},"line":96}},"branchMap":{"0":{"loc":{"start":{"line":30,"column":8},"end":{"line":32,"column":9}},"type":"if","locations":[{"start":{"line":30,"column":8},"end":{"line":32,"column":9}},{"start":{"line":30,"column":8},"end":{"line":32,"column":9}}],"line":30},"1":{"loc":{"start":{"line":40,"column":8},"end":{"line":51,"column":9}},"type":"if","locations":[{"start":{"line":40,"column":8},"end":{"line":51,"column":9}},{"start":{"line":40,"column":8},"end":{"line":51,"column":9}}],"line":40},"2":{"loc":{"start":{"line":65,"column":8},"end":{"line":67,"column":9}},"type":"if","locations":[{"start":{"line":65,"column":8},"end":{"line":67,"column":9}},{"start":{"line":65,"column":8},"end":{"line":67,"column":9}}],"line":65}},"s":{"0":1,"1":1,"2":1,"3":1,"4":3,"5":3,"6":9,"7":9,"8":9,"9":7,"10":7,"11":2,"12":5,"13":5,"14":5,"15":5,"16":3,"17":3,"18":3,"19":3,"20":5,"21":2,"22":2,"23":1,"24":1,"25":1,"26":1,"27":1,"28":1,"29":1,"30":1,"31":1,"32":0,"33":1,"34":1},"f":{"0":1,"1":3,"2":9,"3":9,"4":7,"5":2,"6":1,"7":0,"8":1},"b":{"0":[2,5],"1":[3,2],"2":[1,1]},"_coverageSchema":"1a1c01bbd47fc00a2c39e90264f33305004495a9","hash":"39b9e109536f7dda22e9eddfae6c23f01138214c","contentHash":"3157613f4cf95c1298af0c5835fafc40d6de5318ba184c17ea6f66aeee03f59b"},"/Users/lorenzodamico/Documents/Uni/2_Semestre/Software_engineering/ezwh/EzWh/code/server/bin/model/Position.js":{"path":"/Users/lorenzodamico/Documents/Uni/2_Semestre/Software_engineering/ezwh/EzWh/code/server/bin/model/Position.js","statementMap":{"0":{"start":{"line":3,"column":12},"end":{"line":3,"column":43}},"1":{"start":{"line":6,"column":23},"end":{"line":6,"column":33}},"2":{"start":{"line":9,"column":8},"end":{"line":9,"column":21}},"3":{"start":{"line":10,"column":8},"end":{"line":10,"column":27}},"4":{"start":{"line":11,"column":8},"end":{"line":11,"column":23}},"5":{"start":{"line":12,"column":8},"end":{"line":12,"column":23}},"6":{"start":{"line":13,"column":8},"end":{"line":13,"column":37}},"7":{"start":{"line":14,"column":8},"end":{"line":14,"column":37}},"8":{"start":{"line":15,"column":8},"end":{"line":15,"column":47}},"9":{"start":{"line":16,"column":8},"end":{"line":16,"column":47}},"10":{"start":{"line":21,"column":8},"end":{"line":38,"column":9}},"11":{"start":{"line":22,"column":27},"end":{"line":22,"column":39}},"12":{"start":{"line":23,"column":12},"end":{"line":25,"column":13}},"13":{"start":{"line":24,"column":16},"end":{"line":24,"column":29}},"14":{"start":{"line":27,"column":25},"end":{"line":27,"column":49}},"15":{"start":{"line":28,"column":24},"end":{"line":28,"column":33}},"16":{"start":{"line":29,"column":22},"end":{"line":29,"column":31}},"17":{"start":{"line":30,"column":22},"end":{"line":30,"column":31}},"18":{"start":{"line":31,"column":12},"end":{"line":33,"column":13}},"19":{"start":{"line":32,"column":16},"end":{"line":32,"column":29}},"20":{"start":{"line":34,"column":12},"end":{"line":34,"column":24}},"21":{"start":{"line":37,"column":12},"end":{"line":37,"column":25}},"22":{"start":{"line":42,"column":18},"end":{"line":42,"column":22}},"23":{"start":{"line":43,"column":8},"end":{"line":45,"column":9}},"24":{"start":{"line":44,"column":12},"end":{"line":44,"column":24}},"25":{"start":{"line":46,"column":8},"end":{"line":46,"column":19}},"26":{"start":{"line":50,"column":0},"end":{"line":50,"column":26}}},"fnMap":{"0":{"name":"(anonymous_0)","decl":{"start":{"line":8,"column":4},"end":{"line":8,"column":5}},"loc":{"start":{"line":8,"column":96},"end":{"line":17,"column":5}},"line":8},"1":{"name":"(anonymous_1)","decl":{"start":{"line":20,"column":4},"end":{"line":20,"column":5}},"loc":{"start":{"line":20,"column":16},"end":{"line":39,"column":5}},"line":20},"2":{"name":"(anonymous_2)","decl":{"start":{"line":41,"column":4},"end":{"line":41,"column":5}},"loc":{"start":{"line":41,"column":39},"end":{"line":47,"column":5}},"line":41}},"branchMap":{"0":{"loc":{"start":{"line":21,"column":8},"end":{"line":38,"column":9}},"type":"if","locations":[{"start":{"line":21,"column":8},"end":{"line":38,"column":9}},{"start":{"line":21,"column":8},"end":{"line":38,"column":9}}],"line":21},"1":{"loc":{"start":{"line":23,"column":12},"end":{"line":25,"column":13}},"type":"if","locations":[{"start":{"line":23,"column":12},"end":{"line":25,"column":13}},{"start":{"line":23,"column":12},"end":{"line":25,"column":13}}],"line":23},"2":{"loc":{"start":{"line":31,"column":12},"end":{"line":33,"column":13}},"type":"if","locations":[{"start":{"line":31,"column":12},"end":{"line":33,"column":13}},{"start":{"line":31,"column":12},"end":{"line":33,"column":13}}],"line":31},"3":{"loc":{"start":{"line":31,"column":16},"end":{"line":31,"column":73}},"type":"binary-expr","locations":[{"start":{"line":31,"column":16},"end":{"line":31,"column":35}},{"start":{"line":31,"column":39},"end":{"line":31,"column":54}},{"start":{"line":31,"column":58},"end":{"line":31,"column":73}}],"line":31},"4":{"loc":{"start":{"line":43,"column":8},"end":{"line":45,"column":9}},"type":"if","locations":[{"start":{"line":43,"column":8},"end":{"line":45,"column":9}},{"start":{"line":43,"column":8},"end":{"line":45,"column":9}}],"line":43},"5":{"loc":{"start":{"line":43,"column":12},"end":{"line":43,"column":72}},"type":"binary-expr","locations":[{"start":{"line":43,"column":12},"end":{"line":43,"column":40}},{"start":{"line":43,"column":44},"end":{"line":43,"column":72}}],"line":43}},"s":{"0":1,"1":1,"2":23,"3":23,"4":23,"5":23,"6":23,"7":23,"8":23,"9":23,"10":8,"11":8,"12":8,"13":0,"14":8,"15":8,"16":8,"17":8,"18":8,"19":0,"20":8,"21":0,"22":10,"23":10,"24":0,"25":10,"26":1},"f":{"0":23,"1":8,"2":10},"b":{"0":[8,0],"1":[0,8],"2":[0,8],"3":[8,8,8],"4":[0,10],"5":[10,10]},"_coverageSchema":"1a1c01bbd47fc00a2c39e90264f33305004495a9","hash":"6727312a7227354981bd5aafdbdfa8e543dfe9fe","contentHash":"ea159acf5869921bbdeaac3fc0475c7dbceb6e5d6141da84713b45600ef42cc9"},"/Users/lorenzodamico/Documents/Uni/2_Semestre/Software_engineering/ezwh/EzWh/code/server/bin/DB/PersistentManager.js":{"path":"/Users/lorenzodamico/Documents/Uni/2_Semestre/Software_engineering/ezwh/EzWh/code/server/bin/DB/PersistentManager.js","statementMap":{"0":{"start":{"line":1,"column":15},"end":{"line":1,"column":33}},"1":{"start":{"line":5,"column":2},"end":{"line":5,"column":26}},"2":{"start":{"line":9,"column":2},"end":{"line":49,"column":5}},"3":{"start":{"line":11,"column":24},"end":{"line":11,"column":26}},"4":{"start":{"line":13,"column":25},"end":{"line":13,"column":27}},"5":{"start":{"line":16,"column":3},"end":{"line":21,"column":4}},"6":{"start":{"line":17,"column":4},"end":{"line":20,"column":5}},"7":{"start":{"line":18,"column":5},"end":{"line":18,"column":31}},"8":{"start":{"line":19,"column":5},"end":{"line":19,"column":40}},"9":{"start":{"line":23,"column":29},"end":{"line":23,"column":61}},"10":{"start":{"line":23,"column":57},"end":{"line":23,"column":60}},"11":{"start":{"line":25,"column":4},"end":{"line":31,"column":7}},"12":{"start":{"line":34,"column":14},"end":{"line":39,"column":5}},"13":{"start":{"line":35,"column":4},"end":{"line":38,"column":5}},"14":{"start":{"line":36,"column":5},"end":{"line":36,"column":17}},"15":{"start":{"line":37,"column":5},"end":{"line":37,"column":12}},"16":{"start":{"line":40,"column":3},"end":{"line":40,"column":38}},"17":{"start":{"line":41,"column":3},"end":{"line":47,"column":6}},"18":{"start":{"line":42,"column":4},"end":{"line":45,"column":5}},"19":{"start":{"line":43,"column":5},"end":{"line":43,"column":17}},"20":{"start":{"line":44,"column":5},"end":{"line":44,"column":12}},"21":{"start":{"line":46,"column":4},"end":{"line":46,"column":25}},"22":{"start":{"line":48,"column":3},"end":{"line":48,"column":14}},"23":{"start":{"line":53,"column":2},"end":{"line":70,"column":5}},"24":{"start":{"line":54,"column":15},"end":{"line":54,"column":43}},"25":{"start":{"line":55,"column":14},"end":{"line":60,"column":5}},"26":{"start":{"line":56,"column":4},"end":{"line":59,"column":5}},"27":{"start":{"line":57,"column":5},"end":{"line":57,"column":17}},"28":{"start":{"line":58,"column":5},"end":{"line":58,"column":12}},"29":{"start":{"line":61,"column":3},"end":{"line":61,"column":38}},"30":{"start":{"line":62,"column":3},"end":{"line":68,"column":6}},"31":{"start":{"line":63,"column":4},"end":{"line":66,"column":5}},"32":{"start":{"line":64,"column":5},"end":{"line":64,"column":17}},"33":{"start":{"line":65,"column":5},"end":{"line":65,"column":12}},"34":{"start":{"line":67,"column":4},"end":{"line":67,"column":18}},"35":{"start":{"line":69,"column":3},"end":{"line":69,"column":14}},"36":{"start":{"line":75,"column":8},"end":{"line":83,"column":10}},"37":{"start":{"line":76,"column":24},"end":{"line":76,"column":86}},"38":{"start":{"line":77,"column":23},"end":{"line":77,"column":89}},"39":{"start":{"line":77,"column":66},"end":{"line":77,"column":86}},"40":{"start":{"line":77,"column":75},"end":{"line":77,"column":86}},"41":{"start":{"line":78,"column":3},"end":{"line":78,"column":38}},"42":{"start":{"line":80,"column":3},"end":{"line":80,"column":65}},"43":{"start":{"line":80,"column":29},"end":{"line":80,"column":50}},"44":{"start":{"line":80,"column":38},"end":{"line":80,"column":50}},"45":{"start":{"line":80,"column":51},"end":{"line":80,"column":61}},"46":{"start":{"line":81,"column":3},"end":{"line":81,"column":14}},"47":{"start":{"line":87,"column":8},"end":{"line":93,"column":10}},"48":{"start":{"line":88,"column":24},"end":{"line":88,"column":89}},"49":{"start":{"line":89,"column":23},"end":{"line":89,"column":89}},"50":{"start":{"line":89,"column":66},"end":{"line":89,"column":86}},"51":{"start":{"line":89,"column":75},"end":{"line":89,"column":86}},"52":{"start":{"line":90,"column":3},"end":{"line":90,"column":38}},"53":{"start":{"line":91,"column":12},"end":{"line":91,"column":85}},"54":{"start":{"line":91,"column":46},"end":{"line":91,"column":67}},"55":{"start":{"line":91,"column":55},"end":{"line":91,"column":67}},"56":{"start":{"line":91,"column":68},"end":{"line":91,"column":81}},"57":{"start":{"line":92,"column":12},"end":{"line":92,"column":23}},"58":{"start":{"line":98,"column":8},"end":{"line":129,"column":10}},"59":{"start":{"line":100,"column":24},"end":{"line":100,"column":26}},"60":{"start":{"line":102,"column":25},"end":{"line":102,"column":27}},"61":{"start":{"line":105,"column":3},"end":{"line":110,"column":4}},"62":{"start":{"line":106,"column":4},"end":{"line":109,"column":5}},"63":{"start":{"line":107,"column":5},"end":{"line":107,"column":39}},"64":{"start":{"line":108,"column":5},"end":{"line":108,"column":40}},"65":{"start":{"line":113,"column":24},"end":{"line":115,"column":59}},"66":{"start":{"line":119,"column":23},"end":{"line":119,"column":89}},"67":{"start":{"line":119,"column":66},"end":{"line":119,"column":86}},"68":{"start":{"line":119,"column":75},"end":{"line":119,"column":86}},"69":{"start":{"line":120,"column":3},"end":{"line":120,"column":38}},"70":{"start":{"line":121,"column":12},"end":{"line":127,"column":15}},"71":{"start":{"line":122,"column":16},"end":{"line":123,"column":17}},"72":{"start":{"line":123,"column":5},"end":{"line":123,"column":17}},"73":{"start":{"line":126,"column":16},"end":{"line":126,"column":26}},"74":{"start":{"line":128,"column":12},"end":{"line":128,"column":23}},"75":{"start":{"line":134,"column":8},"end":{"line":140,"column":10}},"76":{"start":{"line":135,"column":24},"end":{"line":135,"column":88}},"77":{"start":{"line":136,"column":23},"end":{"line":136,"column":89}},"78":{"start":{"line":136,"column":66},"end":{"line":136,"column":86}},"79":{"start":{"line":136,"column":75},"end":{"line":136,"column":86}},"80":{"start":{"line":137,"column":3},"end":{"line":137,"column":38}},"81":{"start":{"line":138,"column":12},"end":{"line":138,"column":86}},"82":{"start":{"line":138,"column":46},"end":{"line":138,"column":67}},"83":{"start":{"line":138,"column":55},"end":{"line":138,"column":67}},"84":{"start":{"line":138,"column":68},"end":{"line":138,"column":82}},"85":{"start":{"line":139,"column":12},"end":{"line":139,"column":23}},"86":{"start":{"line":144,"column":2},"end":{"line":153,"column":4}},"87":{"start":{"line":145,"column":24},"end":{"line":147,"column":5}},"88":{"start":{"line":146,"column":4},"end":{"line":146,"column":21}},"89":{"start":{"line":148,"column":15},"end":{"line":148,"column":84}},"90":{"start":{"line":149,"column":14},"end":{"line":149,"column":80}},"91":{"start":{"line":149,"column":57},"end":{"line":149,"column":77}},"92":{"start":{"line":149,"column":66},"end":{"line":149,"column":77}},"93":{"start":{"line":150,"column":3},"end":{"line":150,"column":38}},"94":{"start":{"line":151,"column":3},"end":{"line":151,"column":79}},"95":{"start":{"line":151,"column":38},"end":{"line":151,"column":59}},"96":{"start":{"line":151,"column":47},"end":{"line":151,"column":59}},"97":{"start":{"line":151,"column":60},"end":{"line":151,"column":74}},"98":{"start":{"line":152,"column":3},"end":{"line":152,"column":14}},"99":{"start":{"line":158,"column":2},"end":{"line":165,"column":4}},"100":{"start":{"line":159,"column":30},"end":{"line":159,"column":53}},"101":{"start":{"line":160,"column":15},"end":{"line":160,"column":105}},"102":{"start":{"line":161,"column":23},"end":{"line":161,"column":89}},"103":{"start":{"line":161,"column":66},"end":{"line":161,"column":86}},"104":{"start":{"line":161,"column":75},"end":{"line":161,"column":86}},"105":{"start":{"line":162,"column":3},"end":{"line":162,"column":38}},"106":{"start":{"line":163,"column":12},"end":{"line":163,"column":85}},"107":{"start":{"line":163,"column":46},"end":{"line":163,"column":67}},"108":{"start":{"line":163,"column":55},"end":{"line":163,"column":67}},"109":{"start":{"line":163,"column":68},"end":{"line":163,"column":81}},"110":{"start":{"line":164,"column":12},"end":{"line":164,"column":23}},"111":{"start":{"line":169,"column":2},"end":{"line":180,"column":3}},"112":{"start":{"line":170,"column":13},"end":{"line":170,"column":76}},"113":{"start":{"line":171,"column":3},"end":{"line":176,"column":4}},"114":{"start":{"line":172,"column":4},"end":{"line":172,"column":16}},"115":{"start":{"line":175,"column":4},"end":{"line":175,"column":17}},"116":{"start":{"line":179,"column":3},"end":{"line":179,"column":30}},"117":{"start":{"line":184,"column":2},"end":{"line":192,"column":4}},"118":{"start":{"line":185,"column":15},"end":{"line":185,"column":41}},"119":{"start":{"line":186,"column":23},"end":{"line":186,"column":89}},"120":{"start":{"line":186,"column":66},"end":{"line":186,"column":86}},"121":{"start":{"line":186,"column":75},"end":{"line":186,"column":86}},"122":{"start":{"line":187,"column":3},"end":{"line":187,"column":38}},"123":{"start":{"line":188,"column":12},"end":{"line":190,"column":30}},"124":{"start":{"line":188,"column":34},"end":{"line":190,"column":17}},"125":{"start":{"line":190,"column":4},"end":{"line":190,"column":16}},"126":{"start":{"line":190,"column":18},"end":{"line":190,"column":27}},"127":{"start":{"line":191,"column":12},"end":{"line":191,"column":23}},"128":{"start":{"line":199,"column":0},"end":{"line":199,"column":41}}},"fnMap":{"0":{"name":"(anonymous_0)","decl":{"start":{"line":4,"column":1},"end":{"line":4,"column":2}},"loc":{"start":{"line":4,"column":15},"end":{"line":6,"column":2}},"line":4},"1":{"name":"(anonymous_1)","decl":{"start":{"line":8,"column":1},"end":{"line":8,"column":2}},"loc":{"start":{"line":8,"column":26},"end":{"line":50,"column":2}},"line":8},"2":{"name":"(anonymous_2)","decl":{"start":{"line":9,"column":21},"end":{"line":9,"column":22}},"loc":{"start":{"line":9,"column":42},"end":{"line":49,"column":3}},"line":9},"3":{"name":"(anonymous_3)","decl":{"start":{"line":23,"column":48},"end":{"line":23,"column":49}},"loc":{"start":{"line":23,"column":57},"end":{"line":23,"column":60}},"line":23},"4":{"name":"(anonymous_4)","decl":{"start":{"line":34,"column":47},"end":{"line":34,"column":48}},"loc":{"start":{"line":34,"column":56},"end":{"line":39,"column":4}},"line":34},"5":{"name":"(anonymous_5)","decl":{"start":{"line":41,"column":32},"end":{"line":41,"column":33}},"loc":{"start":{"line":41,"column":46},"end":{"line":47,"column":4}},"line":41},"6":{"name":"(anonymous_6)","decl":{"start":{"line":52,"column":1},"end":{"line":52,"column":2}},"loc":{"start":{"line":52,"column":24},"end":{"line":71,"column":2}},"line":52},"7":{"name":"(anonymous_7)","decl":{"start":{"line":53,"column":21},"end":{"line":53,"column":22}},"loc":{"start":{"line":53,"column":42},"end":{"line":70,"column":3}},"line":53},"8":{"name":"(anonymous_8)","decl":{"start":{"line":55,"column":47},"end":{"line":55,"column":48}},"loc":{"start":{"line":55,"column":56},"end":{"line":60,"column":4}},"line":55},"9":{"name":"(anonymous_9)","decl":{"start":{"line":62,"column":15},"end":{"line":62,"column":16}},"loc":{"start":{"line":62,"column":30},"end":{"line":68,"column":4}},"line":62},"10":{"name":"(anonymous_10)","decl":{"start":{"line":74,"column":4},"end":{"line":74,"column":5}},"loc":{"start":{"line":74,"column":48},"end":{"line":84,"column":5}},"line":74},"11":{"name":"(anonymous_11)","decl":{"start":{"line":75,"column":28},"end":{"line":75,"column":29}},"loc":{"start":{"line":75,"column":49},"end":{"line":83,"column":9}},"line":75},"12":{"name":"(anonymous_12)","decl":{"start":{"line":77,"column":56},"end":{"line":77,"column":57}},"loc":{"start":{"line":77,"column":65},"end":{"line":77,"column":88}},"line":77},"13":{"name":"(anonymous_13)","decl":{"start":{"line":80,"column":19},"end":{"line":80,"column":20}},"loc":{"start":{"line":80,"column":28},"end":{"line":80,"column":63}},"line":80},"14":{"name":"(anonymous_14)","decl":{"start":{"line":86,"column":4},"end":{"line":86,"column":5}},"loc":{"start":{"line":86,"column":63},"end":{"line":94,"column":5}},"line":86},"15":{"name":"(anonymous_15)","decl":{"start":{"line":87,"column":28},"end":{"line":87,"column":29}},"loc":{"start":{"line":87,"column":49},"end":{"line":93,"column":9}},"line":87},"16":{"name":"(anonymous_16)","decl":{"start":{"line":89,"column":56},"end":{"line":89,"column":57}},"loc":{"start":{"line":89,"column":65},"end":{"line":89,"column":88}},"line":89},"17":{"name":"(anonymous_17)","decl":{"start":{"line":91,"column":31},"end":{"line":91,"column":32}},"loc":{"start":{"line":91,"column":45},"end":{"line":91,"column":83}},"line":91},"18":{"name":"(anonymous_18)","decl":{"start":{"line":97,"column":4},"end":{"line":97,"column":5}},"loc":{"start":{"line":97,"column":56},"end":{"line":130,"column":5}},"line":97},"19":{"name":"(anonymous_19)","decl":{"start":{"line":98,"column":28},"end":{"line":98,"column":29}},"loc":{"start":{"line":98,"column":49},"end":{"line":129,"column":9}},"line":98},"20":{"name":"(anonymous_20)","decl":{"start":{"line":119,"column":56},"end":{"line":119,"column":57}},"loc":{"start":{"line":119,"column":65},"end":{"line":119,"column":88}},"line":119},"21":{"name":"(anonymous_21)","decl":{"start":{"line":121,"column":50},"end":{"line":121,"column":51}},"loc":{"start":{"line":121,"column":59},"end":{"line":127,"column":13}},"line":121},"22":{"name":"(anonymous_22)","decl":{"start":{"line":133,"column":4},"end":{"line":133,"column":5}},"loc":{"start":{"line":133,"column":65},"end":{"line":141,"column":5}},"line":133},"23":{"name":"(anonymous_23)","decl":{"start":{"line":134,"column":28},"end":{"line":134,"column":29}},"loc":{"start":{"line":134,"column":49},"end":{"line":140,"column":9}},"line":134},"24":{"name":"(anonymous_24)","decl":{"start":{"line":136,"column":56},"end":{"line":136,"column":57}},"loc":{"start":{"line":136,"column":65},"end":{"line":136,"column":88}},"line":136},"25":{"name":"(anonymous_25)","decl":{"start":{"line":138,"column":31},"end":{"line":138,"column":32}},"loc":{"start":{"line":138,"column":45},"end":{"line":138,"column":84}},"line":138},"26":{"name":"(anonymous_26)","decl":{"start":{"line":143,"column":1},"end":{"line":143,"column":2}},"loc":{"start":{"line":143,"column":63},"end":{"line":154,"column":2}},"line":143},"27":{"name":"(anonymous_27)","decl":{"start":{"line":144,"column":22},"end":{"line":144,"column":23}},"loc":{"start":{"line":144,"column":43},"end":{"line":153,"column":3}},"line":144},"28":{"name":"(anonymous_28)","decl":{"start":{"line":145,"column":44},"end":{"line":145,"column":45}},"loc":{"start":{"line":145,"column":49},"end":{"line":147,"column":4}},"line":145},"29":{"name":"(anonymous_29)","decl":{"start":{"line":149,"column":47},"end":{"line":149,"column":48}},"loc":{"start":{"line":149,"column":56},"end":{"line":149,"column":79}},"line":149},"30":{"name":"(anonymous_30)","decl":{"start":{"line":151,"column":23},"end":{"line":151,"column":24}},"loc":{"start":{"line":151,"column":37},"end":{"line":151,"column":76}},"line":151},"31":{"name":"(anonymous_31)","decl":{"start":{"line":157,"column":1},"end":{"line":157,"column":2}},"loc":{"start":{"line":157,"column":83},"end":{"line":166,"column":2}},"line":157},"32":{"name":"(anonymous_32)","decl":{"start":{"line":158,"column":22},"end":{"line":158,"column":23}},"loc":{"start":{"line":158,"column":43},"end":{"line":165,"column":3}},"line":158},"33":{"name":"(anonymous_33)","decl":{"start":{"line":161,"column":56},"end":{"line":161,"column":57}},"loc":{"start":{"line":161,"column":65},"end":{"line":161,"column":88}},"line":161},"34":{"name":"(anonymous_34)","decl":{"start":{"line":163,"column":31},"end":{"line":163,"column":32}},"loc":{"start":{"line":163,"column":45},"end":{"line":163,"column":83}},"line":163},"35":{"name":"(anonymous_35)","decl":{"start":{"line":168,"column":1},"end":{"line":168,"column":2}},"loc":{"start":{"line":168,"column":48},"end":{"line":181,"column":2}},"line":168},"36":{"name":"(anonymous_36)","decl":{"start":{"line":183,"column":1},"end":{"line":183,"column":2}},"loc":{"start":{"line":183,"column":28},"end":{"line":193,"column":2}},"line":183},"37":{"name":"(anonymous_37)","decl":{"start":{"line":184,"column":22},"end":{"line":184,"column":23}},"loc":{"start":{"line":184,"column":43},"end":{"line":192,"column":3}},"line":184},"38":{"name":"(anonymous_38)","decl":{"start":{"line":186,"column":56},"end":{"line":186,"column":57}},"loc":{"start":{"line":186,"column":65},"end":{"line":186,"column":88}},"line":186},"39":{"name":"(anonymous_39)","decl":{"start":{"line":188,"column":24},"end":{"line":188,"column":25}},"loc":{"start":{"line":188,"column":33},"end":{"line":190,"column":28}},"line":188}},"branchMap":{"0":{"loc":{"start":{"line":17,"column":4},"end":{"line":20,"column":5}},"type":"if","locations":[{"start":{"line":17,"column":4},"end":{"line":20,"column":5}},{"start":{"line":17,"column":4},"end":{"line":20,"column":5}}],"line":17},"1":{"loc":{"start":{"line":35,"column":4},"end":{"line":38,"column":5}},"type":"if","locations":[{"start":{"line":35,"column":4},"end":{"line":38,"column":5}},{"start":{"line":35,"column":4},"end":{"line":38,"column":5}}],"line":35},"2":{"loc":{"start":{"line":42,"column":4},"end":{"line":45,"column":5}},"type":"if","locations":[{"start":{"line":42,"column":4},"end":{"line":45,"column":5}},{"start":{"line":42,"column":4},"end":{"line":45,"column":5}}],"line":42},"3":{"loc":{"start":{"line":56,"column":4},"end":{"line":59,"column":5}},"type":"if","locations":[{"start":{"line":56,"column":4},"end":{"line":59,"column":5}},{"start":{"line":56,"column":4},"end":{"line":59,"column":5}}],"line":56},"4":{"loc":{"start":{"line":63,"column":4},"end":{"line":66,"column":5}},"type":"if","locations":[{"start":{"line":63,"column":4},"end":{"line":66,"column":5}},{"start":{"line":63,"column":4},"end":{"line":66,"column":5}}],"line":63},"5":{"loc":{"start":{"line":77,"column":66},"end":{"line":77,"column":86}},"type":"if","locations":[{"start":{"line":77,"column":66},"end":{"line":77,"column":86}},{"start":{"line":77,"column":66},"end":{"line":77,"column":86}}],"line":77},"6":{"loc":{"start":{"line":80,"column":29},"end":{"line":80,"column":50}},"type":"if","locations":[{"start":{"line":80,"column":29},"end":{"line":80,"column":50}},{"start":{"line":80,"column":29},"end":{"line":80,"column":50}}],"line":80},"7":{"loc":{"start":{"line":89,"column":66},"end":{"line":89,"column":86}},"type":"if","locations":[{"start":{"line":89,"column":66},"end":{"line":89,"column":86}},{"start":{"line":89,"column":66},"end":{"line":89,"column":86}}],"line":89},"8":{"loc":{"start":{"line":91,"column":46},"end":{"line":91,"column":67}},"type":"if","locations":[{"start":{"line":91,"column":46},"end":{"line":91,"column":67}},{"start":{"line":91,"column":46},"end":{"line":91,"column":67}}],"line":91},"9":{"loc":{"start":{"line":106,"column":4},"end":{"line":109,"column":5}},"type":"if","locations":[{"start":{"line":106,"column":4},"end":{"line":109,"column":5}},{"start":{"line":106,"column":4},"end":{"line":109,"column":5}}],"line":106},"10":{"loc":{"start":{"line":119,"column":66},"end":{"line":119,"column":86}},"type":"if","locations":[{"start":{"line":119,"column":66},"end":{"line":119,"column":86}},{"start":{"line":119,"column":66},"end":{"line":119,"column":86}}],"line":119},"11":{"loc":{"start":{"line":122,"column":16},"end":{"line":123,"column":17}},"type":"if","locations":[{"start":{"line":122,"column":16},"end":{"line":123,"column":17}},{"start":{"line":122,"column":16},"end":{"line":123,"column":17}}],"line":122},"12":{"loc":{"start":{"line":136,"column":66},"end":{"line":136,"column":86}},"type":"if","locations":[{"start":{"line":136,"column":66},"end":{"line":136,"column":86}},{"start":{"line":136,"column":66},"end":{"line":136,"column":86}}],"line":136},"13":{"loc":{"start":{"line":138,"column":46},"end":{"line":138,"column":67}},"type":"if","locations":[{"start":{"line":138,"column":46},"end":{"line":138,"column":67}},{"start":{"line":138,"column":46},"end":{"line":138,"column":67}}],"line":138},"14":{"loc":{"start":{"line":149,"column":57},"end":{"line":149,"column":77}},"type":"if","locations":[{"start":{"line":149,"column":57},"end":{"line":149,"column":77}},{"start":{"line":149,"column":57},"end":{"line":149,"column":77}}],"line":149},"15":{"loc":{"start":{"line":151,"column":38},"end":{"line":151,"column":59}},"type":"if","locations":[{"start":{"line":151,"column":38},"end":{"line":151,"column":59}},{"start":{"line":151,"column":38},"end":{"line":151,"column":59}}],"line":151},"16":{"loc":{"start":{"line":161,"column":66},"end":{"line":161,"column":86}},"type":"if","locations":[{"start":{"line":161,"column":66},"end":{"line":161,"column":86}},{"start":{"line":161,"column":66},"end":{"line":161,"column":86}}],"line":161},"17":{"loc":{"start":{"line":163,"column":46},"end":{"line":163,"column":67}},"type":"if","locations":[{"start":{"line":163,"column":46},"end":{"line":163,"column":67}},{"start":{"line":163,"column":46},"end":{"line":163,"column":67}}],"line":163},"18":{"loc":{"start":{"line":171,"column":3},"end":{"line":176,"column":4}},"type":"if","locations":[{"start":{"line":171,"column":3},"end":{"line":176,"column":4}},{"start":{"line":171,"column":3},"end":{"line":176,"column":4}}],"line":171},"19":{"loc":{"start":{"line":186,"column":66},"end":{"line":186,"column":86}},"type":"if","locations":[{"start":{"line":186,"column":66},"end":{"line":186,"column":86}},{"start":{"line":186,"column":66},"end":{"line":186,"column":86}}],"line":186},"20":{"loc":{"start":{"line":188,"column":34},"end":{"line":190,"column":17}},"type":"if","locations":[{"start":{"line":188,"column":34},"end":{"line":190,"column":17}},{"start":{"line":188,"column":34},"end":{"line":190,"column":17}}],"line":188}},"s":{"0":1,"1":1,"2":122,"3":122,"4":122,"5":122,"6":639,"7":639,"8":639,"9":122,"10":639,"11":122,"12":122,"13":122,"14":0,"15":0,"16":122,"17":122,"18":120,"19":4,"20":4,"21":116,"22":122,"23":12,"24":12,"25":12,"26":12,"27":0,"28":0,"29":12,"30":12,"31":12,"32":0,"33":0,"34":12,"35":12,"36":3,"37":3,"38":3,"39":3,"40":0,"41":3,"42":3,"43":3,"44":0,"45":3,"46":3,"47":171,"48":171,"49":171,"50":171,"51":0,"52":171,"53":171,"54":171,"55":0,"56":171,"57":171,"58":51,"59":51,"60":51,"61":51,"62":159,"63":159,"64":159,"65":51,"66":51,"67":51,"68":0,"69":51,"70":51,"71":51,"72":0,"73":51,"74":51,"75":21,"76":21,"77":21,"78":21,"79":0,"80":21,"81":21,"82":21,"83":0,"84":21,"85":21,"86":74,"87":74,"88":148,"89":74,"90":74,"91":74,"92":0,"93":74,"94":74,"95":74,"96":0,"97":74,"98":74,"99":0,"100":0,"101":0,"102":0,"103":0,"104":0,"105":0,"106":0,"107":0,"108":0,"109":0,"110":0,"111":96,"112":96,"113":96,"114":79,"115":17,"116":0,"117":135,"118":135,"119":135,"120":135,"121":0,"122":135,"123":135,"124":135,"125":0,"126":135,"127":135,"128":1},"f":{"0":1,"1":122,"2":122,"3":639,"4":122,"5":120,"6":12,"7":12,"8":12,"9":12,"10":3,"11":3,"12":3,"13":3,"14":171,"15":171,"16":171,"17":171,"18":51,"19":51,"20":51,"21":51,"22":21,"23":21,"24":21,"25":21,"26":74,"27":74,"28":148,"29":74,"30":74,"31":0,"32":0,"33":0,"34":0,"35":96,"36":135,"37":135,"38":135,"39":135},"b":{"0":[639,0],"1":[0,122],"2":[4,116],"3":[0,12],"4":[0,12],"5":[0,3],"6":[0,3],"7":[0,171],"8":[0,171],"9":[159,0],"10":[0,51],"11":[0,51],"12":[0,21],"13":[0,21],"14":[0,74],"15":[0,74],"16":[0,0],"17":[0,0],"18":[79,17],"19":[0,135],"20":[0,135]},"_coverageSchema":"1a1c01bbd47fc00a2c39e90264f33305004495a9","hash":"9a996b4faceb0f793dd25688591fe473fbbdb489","contentHash":"055dc0894d675d2d87ef358fff4b6516de399a22ed88ea75f3f32f513e940f09"},"/Users/lorenzodamico/Documents/Uni/2_Semestre/Software_engineering/ezwh/EzWh/code/server/bin/model/SKU.js":{"path":"/Users/lorenzodamico/Documents/Uni/2_Semestre/Software_engineering/ezwh/EzWh/code/server/bin/model/SKU.js","statementMap":{"0":{"start":{"line":5,"column":23},"end":{"line":5,"column":28}},"1":{"start":{"line":8,"column":8},"end":{"line":8,"column":21}},"2":{"start":{"line":9,"column":8},"end":{"line":9,"column":39}},"3":{"start":{"line":10,"column":8},"end":{"line":10,"column":29}},"4":{"start":{"line":11,"column":8},"end":{"line":11,"column":29}},"5":{"start":{"line":12,"column":8},"end":{"line":12,"column":27}},"6":{"start":{"line":13,"column":8},"end":{"line":13,"column":27}},"7":{"start":{"line":14,"column":8},"end":{"line":14,"column":42}},"8":{"start":{"line":15,"column":8},"end":{"line":15,"column":33}},"9":{"start":{"line":16,"column":8},"end":{"line":16,"column":47}},"10":{"start":{"line":20,"column":0},"end":{"line":20,"column":21}}},"fnMap":{"0":{"name":"(anonymous_0)","decl":{"start":{"line":7,"column":4},"end":{"line":7,"column":5}},"loc":{"start":{"line":7,"column":106},"end":{"line":17,"column":5}},"line":7}},"branchMap":{"0":{"loc":{"start":{"line":7,"column":84},"end":{"line":7,"column":104}},"type":"default-arg","locations":[{"start":{"line":7,"column":102},"end":{"line":7,"column":104}}],"line":7}},"s":{"0":1,"1":16,"2":16,"3":16,"4":16,"5":16,"6":16,"7":16,"8":16,"9":16,"10":1},"f":{"0":16},"b":{"0":[16]},"_coverageSchema":"1a1c01bbd47fc00a2c39e90264f33305004495a9","hash":"98a684650793f7329fcb97d1ee72e0e92d37d5bf","contentHash":"1c489fc49acb0128e4fa023191a688167b04bba901771ea5b6816b5406434b84"},"/Users/lorenzodamico/Documents/Uni/2_Semestre/Software_engineering/ezwh/EzWh/code/server/bin/controller/SKUManager.js":{"path":"/Users/lorenzodamico/Documents/Uni/2_Semestre/Software_engineering/ezwh/EzWh/code/server/bin/controller/SKUManager.js","statementMap":{"0":{"start":{"line":1,"column":12},"end":{"line":1,"column":35}},"1":{"start":{"line":2,"column":26},"end":{"line":2,"column":60}},"2":{"start":{"line":3,"column":23},"end":{"line":3,"column":57}},"3":{"start":{"line":4,"column":24},"end":{"line":4,"column":64}},"4":{"start":{"line":5,"column":16},"end":{"line":5,"column":45}},"5":{"start":{"line":6,"column":17},"end":{"line":6,"column":45}},"6":{"start":{"line":14,"column":20},"end":{"line":14,"column":101}},"7":{"start":{"line":15,"column":8},"end":{"line":15,"column":22}},"8":{"start":{"line":16,"column":8},"end":{"line":16,"column":35}},"9":{"start":{"line":17,"column":8},"end":{"line":17,"column":59}},"10":{"start":{"line":21,"column":21},"end":{"line":21,"column":71}},"11":{"start":{"line":22,"column":16},"end":{"line":22,"column":18}},"12":{"start":{"line":23,"column":8},"end":{"line":31,"column":9}},"13":{"start":{"line":23,"column":21},"end":{"line":23,"column":22}},"14":{"start":{"line":24,"column":29},"end":{"line":24,"column":38}},"15":{"start":{"line":25,"column":12},"end":{"line":25,"column":44}},"16":{"start":{"line":26,"column":22},"end":{"line":26,"column":117}},"17":{"start":{"line":27,"column":12},"end":{"line":29,"column":13}},"18":{"start":{"line":28,"column":15},"end":{"line":28,"column":56}},"19":{"start":{"line":30,"column":12},"end":{"line":30,"column":31}},"20":{"start":{"line":33,"column":8},"end":{"line":33,"column":17}},"21":{"start":{"line":39,"column":21},"end":{"line":39,"column":76}},"22":{"start":{"line":40,"column":8},"end":{"line":42,"column":9}},"23":{"start":{"line":41,"column":12},"end":{"line":41,"column":45}},"24":{"start":{"line":43,"column":25},"end":{"line":43,"column":92}},"25":{"start":{"line":44,"column":8},"end":{"line":44,"column":40}},"26":{"start":{"line":46,"column":18},"end":{"line":46,"column":113}},"27":{"start":{"line":47,"column":12},"end":{"line":49,"column":13}},"28":{"start":{"line":48,"column":15},"end":{"line":48,"column":56}},"29":{"start":{"line":50,"column":8},"end":{"line":50,"column":29}},"30":{"start":{"line":51,"column":8},"end":{"line":51,"column":26}},"31":{"start":{"line":56,"column":24},"end":{"line":56,"column":91}},"32":{"start":{"line":58,"column":8},"end":{"line":95,"column":9}},"33":{"start":{"line":60,"column":12},"end":{"line":82,"column":13}},"34":{"start":{"line":62,"column":37},"end":{"line":62,"column":128}},"35":{"start":{"line":64,"column":24},"end":{"line":66,"column":42}},"36":{"start":{"line":67,"column":35},"end":{"line":67,"column":97}},"37":{"start":{"line":68,"column":16},"end":{"line":70,"column":17}},"38":{"start":{"line":69,"column":20},"end":{"line":69,"column":70}},"39":{"start":{"line":72,"column":31},"end":{"line":80,"column":17}},"40":{"start":{"line":81,"column":16},"end":{"line":81,"column":102}},"41":{"start":{"line":83,"column":30},"end":{"line":90,"column":13}},"42":{"start":{"line":91,"column":12},"end":{"line":91,"column":82}},"43":{"start":{"line":94,"column":12},"end":{"line":94,"column":40}},"44":{"start":{"line":100,"column":29},"end":{"line":100,"column":108}},"45":{"start":{"line":101,"column":8},"end":{"line":103,"column":9}},"46":{"start":{"line":102,"column":12},"end":{"line":102,"column":50}},"47":{"start":{"line":104,"column":24},"end":{"line":104,"column":82}},"48":{"start":{"line":105,"column":8},"end":{"line":107,"column":9}},"49":{"start":{"line":106,"column":12},"end":{"line":106,"column":45}},"50":{"start":{"line":108,"column":24},"end":{"line":108,"column":94}},"51":{"start":{"line":109,"column":27},"end":{"line":109,"column":43}},"52":{"start":{"line":110,"column":27},"end":{"line":110,"column":43}},"53":{"start":{"line":111,"column":29},"end":{"line":111,"column":56}},"54":{"start":{"line":112,"column":18},"end":{"line":114,"column":69}},"55":{"start":{"line":115,"column":27},"end":{"line":115,"column":93}},"56":{"start":{"line":116,"column":8},"end":{"line":119,"column":9}},"57":{"start":{"line":118,"column":12},"end":{"line":118,"column":62}},"58":{"start":{"line":120,"column":8},"end":{"line":120,"column":47}},"59":{"start":{"line":121,"column":8},"end":{"line":121,"column":67}},"60":{"start":{"line":122,"column":8},"end":{"line":122,"column":67}},"61":{"start":{"line":124,"column":8},"end":{"line":124,"column":33}},"62":{"start":{"line":125,"column":8},"end":{"line":131,"column":9}},"63":{"start":{"line":126,"column":12},"end":{"line":126,"column":95}},"64":{"start":{"line":127,"column":12},"end":{"line":127,"column":97}},"65":{"start":{"line":130,"column":12},"end":{"line":130,"column":51}},"66":{"start":{"line":132,"column":8},"end":{"line":132,"column":33}},"67":{"start":{"line":139,"column":8},"end":{"line":139,"column":68}},"68":{"start":{"line":145,"column":8},"end":{"line":145,"column":101}},"69":{"start":{"line":146,"column":8},"end":{"line":146,"column":21}},"70":{"start":{"line":156,"column":0},"end":{"line":156,"column":34}}},"fnMap":{"0":{"name":"(anonymous_0)","decl":{"start":{"line":9,"column":4},"end":{"line":9,"column":5}},"loc":{"start":{"line":9,"column":18},"end":{"line":9,"column":20}},"line":9},"1":{"name":"(anonymous_1)","decl":{"start":{"line":11,"column":4},"end":{"line":11,"column":5}},"loc":{"start":{"line":11,"column":76},"end":{"line":18,"column":5}},"line":11},"2":{"name":"(anonymous_2)","decl":{"start":{"line":20,"column":4},"end":{"line":20,"column":5}},"loc":{"start":{"line":20,"column":24},"end":{"line":36,"column":5}},"line":20},"3":{"name":"(anonymous_3)","decl":{"start":{"line":38,"column":4},"end":{"line":38,"column":5}},"loc":{"start":{"line":38,"column":25},"end":{"line":52,"column":5}},"line":38},"4":{"name":"(anonymous_4)","decl":{"start":{"line":54,"column":4},"end":{"line":54,"column":5}},"loc":{"start":{"line":54,"column":95},"end":{"line":96,"column":5}},"line":54},"5":{"name":"(anonymous_5)","decl":{"start":{"line":98,"column":4},"end":{"line":98,"column":5}},"loc":{"start":{"line":98,"column":41},"end":{"line":135,"column":5}},"line":98},"6":{"name":"(anonymous_6)","decl":{"start":{"line":137,"column":4},"end":{"line":137,"column":5}},"loc":{"start":{"line":137,"column":27},"end":{"line":141,"column":5}},"line":137},"7":{"name":"(anonymous_7)","decl":{"start":{"line":143,"column":4},"end":{"line":143,"column":5}},"loc":{"start":{"line":143,"column":25},"end":{"line":148,"column":5}},"line":143}},"branchMap":{"0":{"loc":{"start":{"line":40,"column":8},"end":{"line":42,"column":9}},"type":"if","locations":[{"start":{"line":40,"column":8},"end":{"line":42,"column":9}},{"start":{"line":40,"column":8},"end":{"line":42,"column":9}}],"line":40},"1":{"loc":{"start":{"line":58,"column":8},"end":{"line":95,"column":9}},"type":"if","locations":[{"start":{"line":58,"column":8},"end":{"line":95,"column":9}},{"start":{"line":58,"column":8},"end":{"line":95,"column":9}}],"line":58},"2":{"loc":{"start":{"line":60,"column":12},"end":{"line":82,"column":13}},"type":"if","locations":[{"start":{"line":60,"column":12},"end":{"line":82,"column":13}},{"start":{"line":60,"column":12},"end":{"line":82,"column":13}}],"line":60},"3":{"loc":{"start":{"line":68,"column":16},"end":{"line":70,"column":17}},"type":"if","locations":[{"start":{"line":68,"column":16},"end":{"line":70,"column":17}},{"start":{"line":68,"column":16},"end":{"line":70,"column":17}}],"line":68},"4":{"loc":{"start":{"line":101,"column":8},"end":{"line":103,"column":9}},"type":"if","locations":[{"start":{"line":101,"column":8},"end":{"line":103,"column":9}},{"start":{"line":101,"column":8},"end":{"line":103,"column":9}}],"line":101},"5":{"loc":{"start":{"line":105,"column":8},"end":{"line":107,"column":9}},"type":"if","locations":[{"start":{"line":105,"column":8},"end":{"line":107,"column":9}},{"start":{"line":105,"column":8},"end":{"line":107,"column":9}}],"line":105},"6":{"loc":{"start":{"line":116,"column":8},"end":{"line":119,"column":9}},"type":"if","locations":[{"start":{"line":116,"column":8},"end":{"line":119,"column":9}},{"start":{"line":116,"column":8},"end":{"line":119,"column":9}}],"line":116}},"s":{"0":1,"1":1,"2":1,"3":1,"4":1,"5":1,"6":16,"7":16,"8":16,"9":16,"10":3,"11":3,"12":3,"13":3,"14":3,"15":3,"16":3,"17":3,"18":0,"19":3,"20":3,"21":5,"22":5,"23":2,"24":3,"25":3,"26":3,"27":3,"28":0,"29":3,"30":3,"31":5,"32":5,"33":5,"34":5,"35":5,"36":5,"37":5,"38":0,"39":5,"40":5,"41":5,"42":5,"43":0,"44":2,"45":2,"46":0,"47":2,"48":2,"49":0,"50":2,"51":2,"52":2,"53":2,"54":2,"55":2,"56":2,"57":0,"58":2,"59":2,"60":2,"61":2,"62":2,"63":2,"64":2,"65":0,"66":2,"67":0,"68":0,"69":0,"70":1},"f":{"0":1,"1":16,"2":3,"3":5,"4":5,"5":2,"6":0,"7":0},"b":{"0":[2,3],"1":[5,0],"2":[5,0],"3":[0,5],"4":[0,2],"5":[0,2],"6":[0,2]},"_coverageSchema":"1a1c01bbd47fc00a2c39e90264f33305004495a9","hash":"716b89e3301e1c5ec33b19a5bad48fbc938197ea","contentHash":"63aff68370271c9c61bdd87b23c86839e6fedb86a500eeed0bc1211f9524c500"},"/Users/lorenzodamico/Documents/Uni/2_Semestre/Software_engineering/ezwh/EzWh/code/server/bin/model/TestDescriptor.js":{"path":"/Users/lorenzodamico/Documents/Uni/2_Semestre/Software_engineering/ezwh/EzWh/code/server/bin/model/TestDescriptor.js","statementMap":{"0":{"start":{"line":4,"column":23},"end":{"line":4,"column":39}},"1":{"start":{"line":6,"column":8},"end":{"line":6,"column":21}},"2":{"start":{"line":7,"column":8},"end":{"line":7,"column":25}},"3":{"start":{"line":8,"column":8},"end":{"line":8,"column":57}},"4":{"start":{"line":9,"column":8},"end":{"line":9,"column":27}},"5":{"start":{"line":13,"column":0},"end":{"line":13,"column":32}}},"fnMap":{"0":{"name":"(anonymous_0)","decl":{"start":{"line":5,"column":4},"end":{"line":5,"column":5}},"loc":{"start":{"line":5,"column":56},"end":{"line":10,"column":5}},"line":5}},"branchMap":{},"s":{"0":1,"1":4,"2":4,"3":4,"4":4,"5":1},"f":{"0":4},"b":{},"_coverageSchema":"1a1c01bbd47fc00a2c39e90264f33305004495a9","hash":"b3a53691f5b862c102c27a768bb64aaf8f37c525","contentHash":"b59468f6474a4855252880ef659960e3a5219ded183b31a30f1ff9149c2ddde4"},"/Users/lorenzodamico/Documents/Uni/2_Semestre/Software_engineering/ezwh/EzWh/code/server/bin/utility/utility.js":{"path":"/Users/lorenzodamico/Documents/Uni/2_Semestre/Software_engineering/ezwh/EzWh/code/server/bin/utility/utility.js","statementMap":{"0":{"start":{"line":3,"column":20},"end":{"line":3,"column":56}},"1":{"start":{"line":4,"column":26},"end":{"line":4,"column":60}},"2":{"start":{"line":7,"column":0},"end":{"line":13,"column":1}},"3":{"start":{"line":8,"column":4},"end":{"line":12,"column":5}},"4":{"start":{"line":9,"column":8},"end":{"line":10,"column":57}},"5":{"start":{"line":11,"column":8},"end":{"line":11,"column":26}},"6":{"start":{"line":25,"column":0},"end":{"line":39,"column":1}},"7":{"start":{"line":26,"column":4},"end":{"line":26,"column":55}},"8":{"start":{"line":27,"column":4},"end":{"line":27,"column":62}},"9":{"start":{"line":28,"column":4},"end":{"line":28,"column":46}},"10":{"start":{"line":29,"column":4},"end":{"line":29,"column":50}},"11":{"start":{"line":30,"column":4},"end":{"line":30,"column":54}},"12":{"start":{"line":31,"column":4},"end":{"line":31,"column":54}},"13":{"start":{"line":32,"column":4},"end":{"line":32,"column":53}},"14":{"start":{"line":33,"column":4},"end":{"line":33,"column":45}},"15":{"start":{"line":34,"column":4},"end":{"line":34,"column":49}},"16":{"start":{"line":35,"column":4},"end":{"line":35,"column":56}},"17":{"start":{"line":36,"column":4},"end":{"line":36,"column":52}},"18":{"start":{"line":37,"column":4},"end":{"line":37,"column":55}},"19":{"start":{"line":38,"column":4},"end":{"line":38,"column":46}}},"fnMap":{"0":{"name":"(anonymous_0)","decl":{"start":{"line":7,"column":20},"end":{"line":7,"column":21}},"loc":{"start":{"line":7,"column":51},"end":{"line":13,"column":1}},"line":7},"1":{"name":"(anonymous_1)","decl":{"start":{"line":25,"column":25},"end":{"line":25,"column":26}},"loc":{"start":{"line":25,"column":42},"end":{"line":39,"column":1}},"line":25}},"branchMap":{"0":{"loc":{"start":{"line":8,"column":4},"end":{"line":12,"column":5}},"type":"if","locations":[{"start":{"line":8,"column":4},"end":{"line":12,"column":5}},{"start":{"line":8,"column":4},"end":{"line":12,"column":5}}],"line":8}},"s":{"0":1,"1":1,"2":1,"3":28,"4":28,"5":28,"6":1,"7":5,"8":5,"9":5,"10":5,"11":5,"12":5,"13":5,"14":5,"15":5,"16":5,"17":5,"18":5,"19":5},"f":{"0":28,"1":5},"b":{"0":[28,0]},"_coverageSchema":"1a1c01bbd47fc00a2c39e90264f33305004495a9","hash":"6de6cee045828ce8434d1ca8c2439bd6c25b2e9e","contentHash":"ada7ce3fcfaf58933d3f9138faa0dd5add057b22e63eddb7961437c454280a94"},"/Users/lorenzodamico/Documents/Uni/2_Semestre/Software_engineering/ezwh/EzWh/code/server/bin/controller/UserManager.js":{"path":"/Users/lorenzodamico/Documents/Uni/2_Semestre/Software_engineering/ezwh/EzWh/code/server/bin/controller/UserManager.js","statementMap":{"0":{"start":{"line":1,"column":13},"end":{"line":1,"column":37}},"1":{"start":{"line":2,"column":26},"end":{"line":2,"column":60}},"2":{"start":{"line":3,"column":15},"end":{"line":3,"column":32}},"3":{"start":{"line":9,"column":8},"end":{"line":9,"column":91}},"4":{"start":{"line":15,"column":22},"end":{"line":15,"column":73}},"5":{"start":{"line":16,"column":25},"end":{"line":22,"column":11}},"6":{"start":{"line":16,"column":45},"end":{"line":16,"column":64}},"7":{"start":{"line":16,"column":79},"end":{"line":22,"column":9}},"8":{"start":{"line":23,"column":8},"end":{"line":23,"column":24}},"9":{"start":{"line":27,"column":8},"end":{"line":38,"column":9}},"10":{"start":{"line":28,"column":27},"end":{"line":28,"column":127}},"11":{"start":{"line":29,"column":8},"end":{"line":31,"column":9}},"12":{"start":{"line":30,"column":12},"end":{"line":30,"column":52}},"13":{"start":{"line":32,"column":20},"end":{"line":32,"column":51}},"14":{"start":{"line":33,"column":21},"end":{"line":33,"column":65}},"15":{"start":{"line":34,"column":8},"end":{"line":34,"column":61}},"16":{"start":{"line":37,"column":12},"end":{"line":37,"column":40}},"17":{"start":{"line":43,"column":8},"end":{"line":66,"column":9}},"18":{"start":{"line":45,"column":21},"end":{"line":45,"column":121}},"19":{"start":{"line":47,"column":8},"end":{"line":62,"column":9}},"20":{"start":{"line":48,"column":22},"end":{"line":48,"column":29}},"21":{"start":{"line":49,"column":25},"end":{"line":49,"column":35}},"22":{"start":{"line":51,"column":32},"end":{"line":51,"column":68}},"23":{"start":{"line":53,"column":14},"end":{"line":55,"column":15}},"24":{"start":{"line":54,"column":18},"end":{"line":54,"column":58}},"25":{"start":{"line":58,"column":12},"end":{"line":58,"column":66}},"26":{"start":{"line":61,"column":12},"end":{"line":61,"column":52}},"27":{"start":{"line":65,"column":12},"end":{"line":65,"column":40}},"28":{"start":{"line":71,"column":8},"end":{"line":71,"column":20}},"29":{"start":{"line":76,"column":21},"end":{"line":76,"column":124}},"30":{"start":{"line":78,"column":8},"end":{"line":81,"column":9}},"31":{"start":{"line":80,"column":12},"end":{"line":80,"column":40}},"32":{"start":{"line":82,"column":18},"end":{"line":82,"column":25}},"33":{"start":{"line":83,"column":19},"end":{"line":83,"column":23}},"34":{"start":{"line":84,"column":25},"end":{"line":86,"column":9}},"35":{"start":{"line":87,"column":8},"end":{"line":87,"column":76}},"36":{"start":{"line":92,"column":21},"end":{"line":92,"column":121}},"37":{"start":{"line":93,"column":18},"end":{"line":93,"column":25}},"38":{"start":{"line":95,"column":8},"end":{"line":100,"column":9}},"39":{"start":{"line":96,"column":12},"end":{"line":96,"column":22}},"40":{"start":{"line":99,"column":12},"end":{"line":99,"column":22}},"41":{"start":{"line":101,"column":8},"end":{"line":101,"column":66}},"42":{"start":{"line":106,"column":0},"end":{"line":106,"column":35}}},"fnMap":{"0":{"name":"(anonymous_0)","decl":{"start":{"line":6,"column":4},"end":{"line":6,"column":5}},"loc":{"start":{"line":6,"column":17},"end":{"line":6,"column":19}},"line":6},"1":{"name":"(anonymous_1)","decl":{"start":{"line":8,"column":4},"end":{"line":8,"column":5}},"loc":{"start":{"line":8,"column":28},"end":{"line":11,"column":5}},"line":8},"2":{"name":"(anonymous_2)","decl":{"start":{"line":13,"column":4},"end":{"line":13,"column":5}},"loc":{"start":{"line":13,"column":24},"end":{"line":24,"column":5}},"line":13},"3":{"name":"(anonymous_3)","decl":{"start":{"line":16,"column":38},"end":{"line":16,"column":39}},"loc":{"start":{"line":16,"column":45},"end":{"line":16,"column":64}},"line":16},"4":{"name":"(anonymous_4)","decl":{"start":{"line":16,"column":71},"end":{"line":16,"column":72}},"loc":{"start":{"line":16,"column":79},"end":{"line":22,"column":9}},"line":16},"5":{"name":"(anonymous_5)","decl":{"start":{"line":26,"column":4},"end":{"line":26,"column":5}},"loc":{"start":{"line":26,"column":62},"end":{"line":40,"column":5}},"line":26},"6":{"name":"(anonymous_6)","decl":{"start":{"line":42,"column":4},"end":{"line":42,"column":5}},"loc":{"start":{"line":42,"column":42},"end":{"line":68,"column":5}},"line":42},"7":{"name":"(anonymous_7)","decl":{"start":{"line":70,"column":4},"end":{"line":70,"column":5}},"loc":{"start":{"line":70,"column":19},"end":{"line":72,"column":5}},"line":70},"8":{"name":"(anonymous_8)","decl":{"start":{"line":74,"column":4},"end":{"line":74,"column":5}},"loc":{"start":{"line":74,"column":49},"end":{"line":89,"column":5}},"line":74},"9":{"name":"(anonymous_9)","decl":{"start":{"line":91,"column":4},"end":{"line":91,"column":5}},"loc":{"start":{"line":91,"column":37},"end":{"line":102,"column":5}},"line":91}},"branchMap":{"0":{"loc":{"start":{"line":29,"column":8},"end":{"line":31,"column":9}},"type":"if","locations":[{"start":{"line":29,"column":8},"end":{"line":31,"column":9}},{"start":{"line":29,"column":8},"end":{"line":31,"column":9}}],"line":29},"1":{"loc":{"start":{"line":47,"column":8},"end":{"line":62,"column":9}},"type":"if","locations":[{"start":{"line":47,"column":8},"end":{"line":62,"column":9}},{"start":{"line":47,"column":8},"end":{"line":62,"column":9}}],"line":47},"2":{"loc":{"start":{"line":53,"column":14},"end":{"line":55,"column":15}},"type":"if","locations":[{"start":{"line":53,"column":14},"end":{"line":55,"column":15}},{"start":{"line":53,"column":14},"end":{"line":55,"column":15}}],"line":53},"3":{"loc":{"start":{"line":78,"column":8},"end":{"line":81,"column":9}},"type":"if","locations":[{"start":{"line":78,"column":8},"end":{"line":81,"column":9}},{"start":{"line":78,"column":8},"end":{"line":81,"column":9}}],"line":78},"4":{"loc":{"start":{"line":95,"column":8},"end":{"line":100,"column":9}},"type":"if","locations":[{"start":{"line":95,"column":8},"end":{"line":100,"column":9}},{"start":{"line":95,"column":8},"end":{"line":100,"column":9}}],"line":95}},"s":{"0":1,"1":1,"2":1,"3":0,"4":0,"5":0,"6":0,"7":0,"8":0,"9":20,"10":20,"11":20,"12":1,"13":19,"14":19,"15":19,"16":0,"17":1,"18":1,"19":1,"20":0,"21":0,"22":0,"23":0,"24":0,"25":0,"26":1,"27":0,"28":1,"29":2,"30":2,"31":1,"32":1,"33":1,"34":1,"35":1,"36":1,"37":1,"38":1,"39":1,"40":0,"41":1,"42":1},"f":{"0":1,"1":0,"2":0,"3":0,"4":0,"5":20,"6":1,"7":1,"8":2,"9":1},"b":{"0":[1,19],"1":[0,1],"2":[0,0],"3":[1,1],"4":[1,0]},"_coverageSchema":"1a1c01bbd47fc00a2c39e90264f33305004495a9","hash":"a98f3bf46c8116e27cac9f7a8dd3bf20cdf7dcd8","contentHash":"286b4d69ac55b6d6a11442e914592fb8f8f11b2441aae5d268202a364419ff95"},"/Users/lorenzodamico/Documents/Uni/2_Semestre/Software_engineering/ezwh/EzWh/code/server/bin/model/User.js":{"path":"/Users/lorenzodamico/Documents/Uni/2_Semestre/Software_engineering/ezwh/EzWh/code/server/bin/model/User.js","statementMap":{"0":{"start":{"line":4,"column":23},"end":{"line":4,"column":29}},"1":{"start":{"line":6,"column":8},"end":{"line":6,"column":33}},"2":{"start":{"line":7,"column":8},"end":{"line":7,"column":33}},"3":{"start":{"line":8,"column":8},"end":{"line":8,"column":25}},"4":{"start":{"line":9,"column":8},"end":{"line":9,"column":31}},"5":{"start":{"line":10,"column":8},"end":{"line":10,"column":25}},"6":{"start":{"line":14,"column":0},"end":{"line":14,"column":22}}},"fnMap":{"0":{"name":"(anonymous_0)","decl":{"start":{"line":5,"column":4},"end":{"line":5,"column":5}},"loc":{"start":{"line":5,"column":57},"end":{"line":11,"column":5}},"line":5}},"branchMap":{},"s":{"0":1,"1":19,"2":19,"3":19,"4":19,"5":19,"6":1},"f":{"0":19},"b":{},"_coverageSchema":"1a1c01bbd47fc00a2c39e90264f33305004495a9","hash":"066233b38b3d6de9c20a743b0069442c638aa154","contentHash":"53d18f4ddbbffcc433f04b75d7dc9c57edea027dcb8564c0c2390f1b8dcd1ed9"},"/Users/lorenzodamico/Documents/Uni/2_Semestre/Software_engineering/ezwh/EzWh/code/server/server.js":{"path":"/Users/lorenzodamico/Documents/Uni/2_Semestre/Software_engineering/ezwh/EzWh/code/server/server.js","statementMap":{"0":{"start":{"line":2,"column":16},"end":{"line":2,"column":34}},"1":{"start":{"line":3,"column":17},"end":{"line":3,"column":45}},"2":{"start":{"line":4,"column":12},"end":{"line":4,"column":35}},"3":{"start":{"line":5,"column":16},"end":{"line":5,"column":43}},"4":{"start":{"line":6,"column":23},"end":{"line":6,"column":57}},"5":{"start":{"line":7,"column":19},"end":{"line":7,"column":49}},"6":{"start":{"line":8,"column":26},"end":{"line":8,"column":63}},"7":{"start":{"line":9,"column":24},"end":{"line":9,"column":52}},"8":{"start":{"line":10,"column":23},"end":{"line":10,"column":56}},"9":{"start":{"line":11,"column":22},"end":{"line":11,"column":55}},"10":{"start":{"line":12,"column":21},"end":{"line":12,"column":53}},"11":{"start":{"line":13,"column":13},"end":{"line":13,"column":37}},"12":{"start":{"line":14,"column":13},"end":{"line":14,"column":37}},"13":{"start":{"line":15,"column":16},"end":{"line":15,"column":48}},"14":{"start":{"line":16,"column":20},"end":{"line":16,"column":57}},"15":{"start":{"line":18,"column":12},"end":{"line":18,"column":25}},"16":{"start":{"line":19,"column":13},"end":{"line":19,"column":17}},"17":{"start":{"line":24,"column":0},"end":{"line":24,"column":24}},"18":{"start":{"line":29,"column":0},"end":{"line":29,"column":91}},"19":{"start":{"line":32,"column":0},"end":{"line":32,"column":49}},"20":{"start":{"line":35,"column":0},"end":{"line":35,"column":106}},"21":{"start":{"line":38,"column":0},"end":{"line":38,"column":118}},"22":{"start":{"line":41,"column":0},"end":{"line":41,"column":108}},"23":{"start":{"line":46,"column":0},"end":{"line":46,"column":63}},"24":{"start":{"line":49,"column":0},"end":{"line":49,"column":34}},"25":{"start":{"line":52,"column":0},"end":{"line":52,"column":76}},"26":{"start":{"line":55,"column":0},"end":{"line":55,"column":81}},"27":{"start":{"line":58,"column":0},"end":{"line":58,"column":95}},"28":{"start":{"line":61,"column":0},"end":{"line":61,"column":77}},"29":{"start":{"line":66,"column":0},"end":{"line":66,"column":46}},"30":{"start":{"line":69,"column":0},"end":{"line":69,"column":103}},"31":{"start":{"line":72,"column":0},"end":{"line":72,"column":102}},"32":{"start":{"line":75,"column":0},"end":{"line":75,"column":87}},"33":{"start":{"line":78,"column":0},"end":{"line":78,"column":90}},"34":{"start":{"line":82,"column":0},"end":{"line":82,"column":98}},"35":{"start":{"line":87,"column":0},"end":{"line":87,"column":120}},"36":{"start":{"line":90,"column":0},"end":{"line":90,"column":68}},"37":{"start":{"line":93,"column":0},"end":{"line":93,"column":131}},"38":{"start":{"line":96,"column":0},"end":{"line":96,"column":137}},"39":{"start":{"line":99,"column":0},"end":{"line":99,"column":133}},"40":{"start":{"line":104,"column":0},"end":{"line":104,"column":109}},"41":{"start":{"line":107,"column":0},"end":{"line":107,"column":117}},"42":{"start":{"line":110,"column":0},"end":{"line":110,"column":126}},"43":{"start":{"line":113,"column":0},"end":{"line":113,"column":131}},"44":{"start":{"line":116,"column":0},"end":{"line":116,"column":126}},"45":{"start":{"line":123,"column":0},"end":{"line":123,"column":66}},"46":{"start":{"line":126,"column":0},"end":{"line":126,"column":75}},"47":{"start":{"line":129,"column":0},"end":{"line":129,"column":81}},"48":{"start":{"line":132,"column":0},"end":{"line":132,"column":127}},"49":{"start":{"line":135,"column":0},"end":{"line":135,"column":119}},"50":{"start":{"line":138,"column":0},"end":{"line":138,"column":128}},"51":{"start":{"line":141,"column":0},"end":{"line":141,"column":123}},"52":{"start":{"line":146,"column":0},"end":{"line":146,"column":112}},"53":{"start":{"line":149,"column":0},"end":{"line":149,"column":123}},"54":{"start":{"line":152,"column":0},"end":{"line":152,"column":61}},"55":{"start":{"line":155,"column":0},"end":{"line":155,"column":73}},"56":{"start":{"line":158,"column":0},"end":{"line":158,"column":123}},"57":{"start":{"line":161,"column":0},"end":{"line":161,"column":120}},"58":{"start":{"line":164,"column":0},"end":{"line":164,"column":103}},"59":{"start":{"line":167,"column":0},"end":{"line":167,"column":118}},"60":{"start":{"line":170,"column":0},"end":{"line":170,"column":130}},"61":{"start":{"line":173,"column":0},"end":{"line":173,"column":118}},"62":{"start":{"line":177,"column":0},"end":{"line":177,"column":61}},"63":{"start":{"line":180,"column":0},"end":{"line":180,"column":122}},"64":{"start":{"line":183,"column":0},"end":{"line":183,"column":107}},"65":{"start":{"line":186,"column":0},"end":{"line":186,"column":117}},"66":{"start":{"line":191,"column":0},"end":{"line":191,"column":43}},"67":{"start":{"line":193,"column":0},"end":{"line":193,"column":45}},"68":{"start":{"line":195,"column":0},"end":{"line":195,"column":37}},"69":{"start":{"line":197,"column":0},"end":{"line":197,"column":74}},"70":{"start":{"line":199,"column":0},"end":{"line":199,"column":55}},"71":{"start":{"line":201,"column":0},"end":{"line":201,"column":57}},"72":{"start":{"line":203,"column":0},"end":{"line":203,"column":57}},"73":{"start":{"line":205,"column":0},"end":{"line":205,"column":51}},"74":{"start":{"line":207,"column":0},"end":{"line":207,"column":71}},"75":{"start":{"line":209,"column":0},"end":{"line":209,"column":37}},"76":{"start":{"line":211,"column":0},"end":{"line":211,"column":79}},"77":{"start":{"line":213,"column":0},"end":{"line":213,"column":94}},"78":{"start":{"line":218,"column":0},"end":{"line":218,"column":70}},"79":{"start":{"line":221,"column":0},"end":{"line":221,"column":38}},"80":{"start":{"line":224,"column":0},"end":{"line":224,"column":81}},"81":{"start":{"line":227,"column":0},"end":{"line":227,"column":85}},"82":{"start":{"line":230,"column":0},"end":{"line":230,"column":82}},"83":{"start":{"line":235,"column":0},"end":{"line":237,"column":3}},"84":{"start":{"line":236,"column":2},"end":{"line":236,"column":62}},"85":{"start":{"line":241,"column":0},"end":{"line":241,"column":21}}},"fnMap":{"0":{"name":"(anonymous_0)","decl":{"start":{"line":235,"column":17},"end":{"line":235,"column":18}},"loc":{"start":{"line":235,"column":23},"end":{"line":237,"column":1}},"line":235}},"branchMap":{},"s":{"0":1,"1":1,"2":1,"3":1,"4":1,"5":1,"6":1,"7":1,"8":1,"9":1,"10":1,"11":1,"12":1,"13":1,"14":1,"15":1,"16":1,"17":1,"18":1,"19":1,"20":1,"21":1,"22":1,"23":1,"24":1,"25":1,"26":1,"27":1,"28":1,"29":1,"30":1,"31":1,"32":1,"33":1,"34":1,"35":1,"36":1,"37":1,"38":1,"39":1,"40":1,"41":1,"42":1,"43":1,"44":1,"45":1,"46":1,"47":1,"48":1,"49":1,"50":1,"51":1,"52":1,"53":1,"54":1,"55":1,"56":1,"57":1,"58":1,"59":1,"60":1,"61":1,"62":1,"63":1,"64":1,"65":1,"66":1,"67":1,"68":1,"69":1,"70":1,"71":1,"72":1,"73":1,"74":1,"75":1,"76":1,"77":1,"78":1,"79":1,"80":1,"81":1,"82":1,"83":1,"84":1,"85":1},"f":{"0":1},"b":{},"_coverageSchema":"1a1c01bbd47fc00a2c39e90264f33305004495a9","hash":"a2db33031b7615bb9fc9e6f1ab134c51c5e8bf56","contentHash":"694e21a5feddfd96e098ab0c3bc6ae3f963e3aa0f294bc8d44cc3de7903a5801"},"/Users/lorenzodamico/Documents/Uni/2_Semestre/Software_engineering/ezwh/EzWh/code/server/api/positionAPI.js":{"path":"/Users/lorenzodamico/Documents/Uni/2_Semestre/Software_engineering/ezwh/EzWh/code/server/api/positionAPI.js","statementMap":{"0":{"start":{"line":2,"column":24},"end":{"line":2,"column":68}},"1":{"start":{"line":3,"column":17},"end":{"line":3,"column":49}},"2":{"start":{"line":4,"column":27},"end":{"line":4,"column":55}},"3":{"start":{"line":7,"column":0},"end":{"line":48,"column":1}},"4":{"start":{"line":51,"column":0},"end":{"line":87,"column":2}},"5":{"start":{"line":53,"column":19},"end":{"line":53,"column":40}},"6":{"start":{"line":55,"column":4},"end":{"line":60,"column":5}},"7":{"start":{"line":56,"column":8},"end":{"line":59,"column":11}},"8":{"start":{"line":62,"column":21},"end":{"line":62,"column":40}},"9":{"start":{"line":63,"column":18},"end":{"line":63,"column":34}},"10":{"start":{"line":64,"column":14},"end":{"line":64,"column":26}},"11":{"start":{"line":65,"column":14},"end":{"line":65,"column":26}},"12":{"start":{"line":66,"column":21},"end":{"line":66,"column":39}},"13":{"start":{"line":67,"column":20},"end":{"line":67,"column":38}},"14":{"start":{"line":69,"column":12},"end":{"line":69,"column":77}},"15":{"start":{"line":70,"column":22},"end":{"line":70,"column":35}},"16":{"start":{"line":72,"column":4},"end":{"line":74,"column":5}},"17":{"start":{"line":73,"column":8},"end":{"line":73,"column":82}},"18":{"start":{"line":76,"column":17},"end":{"line":76,"column":100}},"19":{"start":{"line":78,"column":4},"end":{"line":85,"column":5}},"20":{"start":{"line":80,"column":12},"end":{"line":80,"column":41}},"21":{"start":{"line":83,"column":12},"end":{"line":83,"column":65}},"22":{"start":{"line":91,"column":0},"end":{"line":105,"column":1}},"23":{"start":{"line":92,"column":4},"end":{"line":103,"column":5}},"24":{"start":{"line":94,"column":12},"end":{"line":96,"column":15}},"25":{"start":{"line":95,"column":16},"end":{"line":95,"column":31}},"26":{"start":{"line":97,"column":12},"end":{"line":97,"column":48}},"27":{"start":{"line":100,"column":12},"end":{"line":100,"column":65}},"28":{"start":{"line":108,"column":0},"end":{"line":160,"column":1}},"29":{"start":{"line":163,"column":0},"end":{"line":209,"column":1}},"30":{"start":{"line":165,"column":19},"end":{"line":165,"column":40}},"31":{"start":{"line":167,"column":4},"end":{"line":172,"column":5}},"32":{"start":{"line":168,"column":8},"end":{"line":171,"column":11}},"33":{"start":{"line":174,"column":12},"end":{"line":174,"column":33}},"34":{"start":{"line":175,"column":15},"end":{"line":175,"column":34}},"35":{"start":{"line":176,"column":13},"end":{"line":176,"column":28}},"36":{"start":{"line":177,"column":13},"end":{"line":177,"column":28}},"37":{"start":{"line":178,"column":20},"end":{"line":178,"column":41}},"38":{"start":{"line":179,"column":20},"end":{"line":179,"column":41}},"39":{"start":{"line":180,"column":25},"end":{"line":180,"column":51}},"40":{"start":{"line":181,"column":25},"end":{"line":181,"column":51}},"41":{"start":{"line":184,"column":12},"end":{"line":184,"column":114}},"42":{"start":{"line":185,"column":22},"end":{"line":185,"column":35}},"43":{"start":{"line":187,"column":4},"end":{"line":189,"column":5}},"44":{"start":{"line":188,"column":8},"end":{"line":188,"column":99}},"45":{"start":{"line":191,"column":17},"end":{"line":191,"column":126}},"46":{"start":{"line":192,"column":4},"end":{"line":207,"column":5}},"47":{"start":{"line":194,"column":12},"end":{"line":194,"column":42}},"48":{"start":{"line":197,"column":12},"end":{"line":205,"column":13}},"49":{"start":{"line":202,"column":20},"end":{"line":202,"column":97}},"50":{"start":{"line":204,"column":20},"end":{"line":204,"column":73}},"51":{"start":{"line":211,"column":0},"end":{"line":226,"column":1}},"52":{"start":{"line":228,"column":0},"end":{"line":256,"column":1}},"53":{"start":{"line":229,"column":12},"end":{"line":229,"column":33}},"54":{"start":{"line":230,"column":16},"end":{"line":230,"column":38}},"55":{"start":{"line":232,"column":19},"end":{"line":232,"column":40}},"56":{"start":{"line":234,"column":4},"end":{"line":238,"column":5}},"57":{"start":{"line":235,"column":8},"end":{"line":237,"column":11}},"58":{"start":{"line":241,"column":17},"end":{"line":241,"column":60}},"59":{"start":{"line":242,"column":4},"end":{"line":254,"column":5}},"60":{"start":{"line":244,"column":12},"end":{"line":244,"column":42}},"61":{"start":{"line":247,"column":12},"end":{"line":252,"column":13}},"62":{"start":{"line":249,"column":20},"end":{"line":249,"column":97}},"63":{"start":{"line":251,"column":20},"end":{"line":251,"column":73}},"64":{"start":{"line":258,"column":0},"end":{"line":266,"column":1}},"65":{"start":{"line":268,"column":0},"end":{"line":287,"column":1}},"66":{"start":{"line":269,"column":12},"end":{"line":269,"column":33}},"67":{"start":{"line":271,"column":19},"end":{"line":271,"column":40}},"68":{"start":{"line":273,"column":4},"end":{"line":277,"column":5}},"69":{"start":{"line":274,"column":8},"end":{"line":276,"column":11}},"70":{"start":{"line":279,"column":4},"end":{"line":286,"column":5}},"71":{"start":{"line":281,"column":12},"end":{"line":281,"column":41}},"72":{"start":{"line":284,"column":12},"end":{"line":284,"column":65}}},"fnMap":{"0":{"name":"(anonymous_0)","decl":{"start":{"line":51,"column":23},"end":{"line":51,"column":24}},"loc":{"start":{"line":51,"column":47},"end":{"line":87,"column":1}},"line":51},"1":{"name":"(anonymous_1)","decl":{"start":{"line":79,"column":8},"end":{"line":79,"column":9}},"loc":{"start":{"line":79,"column":18},"end":{"line":81,"column":9}},"line":79},"2":{"name":"(anonymous_2)","decl":{"start":{"line":82,"column":8},"end":{"line":82,"column":9}},"loc":{"start":{"line":82,"column":17},"end":{"line":84,"column":9}},"line":82},"3":{"name":"(anonymous_3)","decl":{"start":{"line":91,"column":23},"end":{"line":91,"column":24}},"loc":{"start":{"line":91,"column":47},"end":{"line":105,"column":1}},"line":91},"4":{"name":"(anonymous_4)","decl":{"start":{"line":93,"column":8},"end":{"line":93,"column":9}},"loc":{"start":{"line":93,"column":18},"end":{"line":98,"column":9}},"line":93},"5":{"name":"(anonymous_5)","decl":{"start":{"line":94,"column":27},"end":{"line":94,"column":28}},"loc":{"start":{"line":94,"column":34},"end":{"line":96,"column":13}},"line":94},"6":{"name":"(anonymous_6)","decl":{"start":{"line":99,"column":8},"end":{"line":99,"column":9}},"loc":{"start":{"line":99,"column":17},"end":{"line":102,"column":9}},"line":99},"7":{"name":"(anonymous_7)","decl":{"start":{"line":163,"column":25},"end":{"line":163,"column":26}},"loc":{"start":{"line":163,"column":49},"end":{"line":209,"column":1}},"line":163},"8":{"name":"(anonymous_8)","decl":{"start":{"line":193,"column":8},"end":{"line":193,"column":9}},"loc":{"start":{"line":193,"column":18},"end":{"line":195,"column":9}},"line":193},"9":{"name":"(anonymous_9)","decl":{"start":{"line":196,"column":8},"end":{"line":196,"column":9}},"loc":{"start":{"line":196,"column":17},"end":{"line":206,"column":9}},"line":196},"10":{"name":"(anonymous_10)","decl":{"start":{"line":228,"column":27},"end":{"line":228,"column":28}},"loc":{"start":{"line":228,"column":51},"end":{"line":256,"column":1}},"line":228},"11":{"name":"(anonymous_11)","decl":{"start":{"line":243,"column":8},"end":{"line":243,"column":9}},"loc":{"start":{"line":243,"column":18},"end":{"line":245,"column":9}},"line":243},"12":{"name":"(anonymous_12)","decl":{"start":{"line":246,"column":8},"end":{"line":246,"column":9}},"loc":{"start":{"line":246,"column":17},"end":{"line":253,"column":9}},"line":246},"13":{"name":"(anonymous_13)","decl":{"start":{"line":268,"column":25},"end":{"line":268,"column":26}},"loc":{"start":{"line":268,"column":49},"end":{"line":287,"column":1}},"line":268},"14":{"name":"(anonymous_14)","decl":{"start":{"line":280,"column":8},"end":{"line":280,"column":9}},"loc":{"start":{"line":280,"column":18},"end":{"line":282,"column":9}},"line":280},"15":{"name":"(anonymous_15)","decl":{"start":{"line":283,"column":8},"end":{"line":283,"column":9}},"loc":{"start":{"line":283,"column":17},"end":{"line":285,"column":9}},"line":283}},"branchMap":{"0":{"loc":{"start":{"line":55,"column":4},"end":{"line":60,"column":5}},"type":"if","locations":[{"start":{"line":55,"column":4},"end":{"line":60,"column":5}},{"start":{"line":55,"column":4},"end":{"line":60,"column":5}}],"line":55},"1":{"loc":{"start":{"line":72,"column":4},"end":{"line":74,"column":5}},"type":"if","locations":[{"start":{"line":72,"column":4},"end":{"line":74,"column":5}},{"start":{"line":72,"column":4},"end":{"line":74,"column":5}}],"line":72},"2":{"loc":{"start":{"line":167,"column":4},"end":{"line":172,"column":5}},"type":"if","locations":[{"start":{"line":167,"column":4},"end":{"line":172,"column":5}},{"start":{"line":167,"column":4},"end":{"line":172,"column":5}}],"line":167},"3":{"loc":{"start":{"line":187,"column":4},"end":{"line":189,"column":5}},"type":"if","locations":[{"start":{"line":187,"column":4},"end":{"line":189,"column":5}},{"start":{"line":187,"column":4},"end":{"line":189,"column":5}}],"line":187},"4":{"loc":{"start":{"line":197,"column":12},"end":{"line":205,"column":13}},"type":"switch","locations":[{"start":{"line":201,"column":16},"end":{"line":202,"column":97}},{"start":{"line":203,"column":16},"end":{"line":204,"column":73}}],"line":197},"5":{"loc":{"start":{"line":234,"column":4},"end":{"line":238,"column":5}},"type":"if","locations":[{"start":{"line":234,"column":4},"end":{"line":238,"column":5}},{"start":{"line":234,"column":4},"end":{"line":238,"column":5}}],"line":234},"6":{"loc":{"start":{"line":247,"column":12},"end":{"line":252,"column":13}},"type":"switch","locations":[{"start":{"line":248,"column":16},"end":{"line":249,"column":97}},{"start":{"line":250,"column":16},"end":{"line":251,"column":73}}],"line":247},"7":{"loc":{"start":{"line":273,"column":4},"end":{"line":277,"column":5}},"type":"if","locations":[{"start":{"line":273,"column":4},"end":{"line":277,"column":5}},{"start":{"line":273,"column":4},"end":{"line":277,"column":5}}],"line":273}},"s":{"0":1,"1":1,"2":1,"3":1,"4":1,"5":2,"6":2,"7":1,"8":1,"9":1,"10":1,"11":1,"12":1,"13":1,"14":1,"15":1,"16":1,"17":0,"18":1,"19":1,"20":1,"21":0,"22":1,"23":9,"24":9,"25":9,"26":9,"27":0,"28":1,"29":1,"30":14,"31":14,"32":7,"33":7,"34":7,"35":7,"36":7,"37":7,"38":7,"39":7,"40":7,"41":7,"42":7,"43":7,"44":0,"45":7,"46":7,"47":5,"48":2,"49":2,"50":0,"51":1,"52":1,"53":3,"54":3,"55":3,"56":3,"57":1,"58":2,"59":2,"60":1,"61":1,"62":1,"63":0,"64":1,"65":1,"66":3,"67":3,"68":3,"69":2,"70":1,"71":1,"72":0},"f":{"0":2,"1":1,"2":0,"3":9,"4":9,"5":9,"6":0,"7":14,"8":5,"9":2,"10":3,"11":1,"12":1,"13":3,"14":1,"15":0},"b":{"0":[1,1],"1":[0,1],"2":[7,7],"3":[0,7],"4":[2,0],"5":[1,2],"6":[1,0],"7":[2,1]},"_coverageSchema":"1a1c01bbd47fc00a2c39e90264f33305004495a9","hash":"0600dfdc6ed42df66d3c5b27cc2899e0685e5151","contentHash":"3fdfe806175f9af417759931a8bb4b30c729ea83850cf15c35fa51821eec2138"},"/Users/lorenzodamico/Documents/Uni/2_Semestre/Software_engineering/ezwh/EzWh/code/server/api/skuAPI.js":{"path":"/Users/lorenzodamico/Documents/Uni/2_Semestre/Software_engineering/ezwh/EzWh/code/server/api/skuAPI.js","statementMap":{"0":{"start":{"line":1,"column":12},"end":{"line":1,"column":39}},"1":{"start":{"line":2,"column":19},"end":{"line":2,"column":58}},"2":{"start":{"line":3,"column":27},"end":{"line":3,"column":55}},"3":{"start":{"line":7,"column":0},"end":{"line":45,"column":1}},"4":{"start":{"line":47,"column":0},"end":{"line":73,"column":1}},"5":{"start":{"line":48,"column":19},"end":{"line":48,"column":40}},"6":{"start":{"line":51,"column":4},"end":{"line":55,"column":5}},"7":{"start":{"line":52,"column":8},"end":{"line":54,"column":11}},"8":{"start":{"line":57,"column":22},"end":{"line":57,"column":42}},"9":{"start":{"line":58,"column":17},"end":{"line":58,"column":32}},"10":{"start":{"line":59,"column":17},"end":{"line":59,"column":32}},"11":{"start":{"line":60,"column":16},"end":{"line":60,"column":30}},"12":{"start":{"line":61,"column":16},"end":{"line":61,"column":30}},"13":{"start":{"line":62,"column":28},"end":{"line":62,"column":54}},"14":{"start":{"line":65,"column":4},"end":{"line":72,"column":6}},"15":{"start":{"line":67,"column":12},"end":{"line":67,"column":41}},"16":{"start":{"line":70,"column":12},"end":{"line":70,"column":66}},"17":{"start":{"line":75,"column":0},"end":{"line":85,"column":1}},"18":{"start":{"line":77,"column":4},"end":{"line":84,"column":5}},"19":{"start":{"line":79,"column":12},"end":{"line":79,"column":48}},"20":{"start":{"line":82,"column":12},"end":{"line":82,"column":66}},"21":{"start":{"line":87,"column":0},"end":{"line":92,"column":1}},"22":{"start":{"line":95,"column":0},"end":{"line":123,"column":1}},"23":{"start":{"line":96,"column":13},"end":{"line":96,"column":26}},"24":{"start":{"line":99,"column":19},"end":{"line":99,"column":40}},"25":{"start":{"line":101,"column":4},"end":{"line":105,"column":5}},"26":{"start":{"line":102,"column":8},"end":{"line":104,"column":11}},"27":{"start":{"line":106,"column":4},"end":{"line":122,"column":5}},"28":{"start":{"line":109,"column":16},"end":{"line":109,"column":52}},"29":{"start":{"line":113,"column":12},"end":{"line":119,"column":13}},"30":{"start":{"line":116,"column":20},"end":{"line":116,"column":84}},"31":{"start":{"line":118,"column":20},"end":{"line":118,"column":74}},"32":{"start":{"line":126,"column":0},"end":{"line":170,"column":1}},"33":{"start":{"line":172,"column":0},"end":{"line":211,"column":1}},"34":{"start":{"line":174,"column":19},"end":{"line":174,"column":40}},"35":{"start":{"line":177,"column":4},"end":{"line":181,"column":5}},"36":{"start":{"line":178,"column":8},"end":{"line":180,"column":11}},"37":{"start":{"line":184,"column":15},"end":{"line":184,"column":28}},"38":{"start":{"line":185,"column":27},"end":{"line":185,"column":50}},"39":{"start":{"line":186,"column":22},"end":{"line":186,"column":40}},"40":{"start":{"line":187,"column":22},"end":{"line":187,"column":40}},"41":{"start":{"line":188,"column":21},"end":{"line":188,"column":38}},"42":{"start":{"line":189,"column":21},"end":{"line":189,"column":38}},"43":{"start":{"line":190,"column":24},"end":{"line":190,"column":53}},"44":{"start":{"line":192,"column":4},"end":{"line":210,"column":5}},"45":{"start":{"line":194,"column":12},"end":{"line":194,"column":41}},"46":{"start":{"line":198,"column":12},"end":{"line":208,"column":13}},"47":{"start":{"line":200,"column":20},"end":{"line":200,"column":77}},"48":{"start":{"line":201,"column":20},"end":{"line":201,"column":26}},"49":{"start":{"line":203,"column":20},"end":{"line":203,"column":180}},"50":{"start":{"line":204,"column":20},"end":{"line":204,"column":26}},"51":{"start":{"line":206,"column":20},"end":{"line":206,"column":74}},"52":{"start":{"line":207,"column":20},"end":{"line":207,"column":26}},"53":{"start":{"line":213,"column":0},"end":{"line":220,"column":1}},"54":{"start":{"line":222,"column":0},"end":{"line":256,"column":1}},"55":{"start":{"line":223,"column":15},"end":{"line":223,"column":28}},"56":{"start":{"line":224,"column":21},"end":{"line":224,"column":38}},"57":{"start":{"line":226,"column":19},"end":{"line":226,"column":40}},"58":{"start":{"line":228,"column":4},"end":{"line":232,"column":5}},"59":{"start":{"line":229,"column":8},"end":{"line":231,"column":11}},"60":{"start":{"line":235,"column":4},"end":{"line":255,"column":5}},"61":{"start":{"line":237,"column":12},"end":{"line":237,"column":41}},"62":{"start":{"line":240,"column":12},"end":{"line":253,"column":13}},"63":{"start":{"line":242,"column":20},"end":{"line":242,"column":102}},"64":{"start":{"line":243,"column":20},"end":{"line":243,"column":26}},"65":{"start":{"line":245,"column":20},"end":{"line":245,"column":102}},"66":{"start":{"line":246,"column":20},"end":{"line":246,"column":26}},"67":{"start":{"line":248,"column":20},"end":{"line":248,"column":250}},"68":{"start":{"line":249,"column":20},"end":{"line":249,"column":26}},"69":{"start":{"line":251,"column":20},"end":{"line":251,"column":74}},"70":{"start":{"line":252,"column":20},"end":{"line":252,"column":26}},"71":{"start":{"line":258,"column":0},"end":{"line":263,"column":1}},"72":{"start":{"line":265,"column":0},"end":{"line":288,"column":1}},"73":{"start":{"line":268,"column":19},"end":{"line":268,"column":40}},"74":{"start":{"line":270,"column":4},"end":{"line":274,"column":5}},"75":{"start":{"line":271,"column":8},"end":{"line":273,"column":11}},"76":{"start":{"line":276,"column":18},"end":{"line":276,"column":31}},"77":{"start":{"line":278,"column":4},"end":{"line":287,"column":5}},"78":{"start":{"line"
[...]
"line":423,"column":4},"end":{"line":423,"column":39}},"185":{"start":{"line":424,"column":4},"end":{"line":424,"column":34}},"186":{"start":{"line":426,"column":4},"end":{"line":426,"column":55}},"187":{"start":{"line":427,"column":4},"end":{"line":427,"column":62}},"188":{"start":{"line":428,"column":4},"end":{"line":428,"column":46}},"189":{"start":{"line":429,"column":4},"end":{"line":429,"column":50}},"190":{"start":{"line":430,"column":4},"end":{"line":430,"column":54}},"191":{"start":{"line":431,"column":4},"end":{"line":431,"column":54}},"192":{"start":{"line":432,"column":4},"end":{"line":432,"column":53}},"193":{"start":{"line":433,"column":4},"end":{"line":433,"column":45}},"194":{"start":{"line":434,"column":4},"end":{"line":434,"column":49}},"195":{"start":{"line":435,"column":4},"end":{"line":435,"column":56}},"196":{"start":{"line":436,"column":4},"end":{"line":436,"column":52}},"197":{"start":{"line":437,"column":4},"end":{"line":437,"column":55}},"198":{"start":{"line":438,"column":4},"end":{"line":438,"column":46}},"199":{"start":{"line":440,"column":4},"end":{"line":440,"column":94}},"200":{"start":{"line":441,"column":4},"end":{"line":441,"column":112}},"201":{"start":{"line":442,"column":4},"end":{"line":442,"column":92}},"202":{"start":{"line":443,"column":4},"end":{"line":443,"column":114}},"203":{"start":{"line":444,"column":4},"end":{"line":444,"column":98}},"204":{"start":{"line":445,"column":4},"end":{"line":445,"column":96}}},"fnMap":{"0":{"name":"(anonymous_0)","decl":{"start":{"line":149,"column":26},"end":{"line":149,"column":27}},"loc":{"start":{"line":149,"column":38},"end":{"line":166,"column":1}},"line":149},"1":{"name":"(anonymous_1)","decl":{"start":{"line":150,"column":20},"end":{"line":150,"column":21}},"loc":{"start":{"line":150,"column":41},"end":{"line":165,"column":2}},"line":150},"2":{"name":"(anonymous_2)","decl":{"start":{"line":151,"column":44},"end":{"line":151,"column":45}},"loc":{"start":{"line":151,"column":53},"end":{"line":156,"column":3}},"line":151},"3":{"name":"(anonymous_3)","decl":{"start":{"line":157,"column":18},"end":{"line":157,"column":19}},"loc":{"start":{"line":157,"column":27},"end":{"line":163,"column":3}},"line":157},"4":{"name":"(anonymous_4)","decl":{"start":{"line":168,"column":30},"end":{"line":168,"column":31}},"loc":{"start":{"line":168,"column":42},"end":{"line":186,"column":1}},"line":168},"5":{"name":"(anonymous_5)","decl":{"start":{"line":169,"column":20},"end":{"line":169,"column":21}},"loc":{"start":{"line":169,"column":41},"end":{"line":185,"column":2}},"line":169},"6":{"name":"(anonymous_6)","decl":{"start":{"line":171,"column":44},"end":{"line":171,"column":45}},"loc":{"start":{"line":171,"column":53},"end":{"line":176,"column":3}},"line":171},"7":{"name":"(anonymous_7)","decl":{"start":{"line":177,"column":22},"end":{"line":177,"column":23}},"loc":{"start":{"line":177,"column":31},"end":{"line":183,"column":3}},"line":177},"8":{"name":"(anonymous_8)","decl":{"start":{"line":188,"column":24},"end":{"line":188,"column":25}},"loc":{"start":{"line":188,"column":36},"end":{"line":206,"column":1}},"line":188},"9":{"name":"(anonymous_9)","decl":{"start":{"line":189,"column":20},"end":{"line":189,"column":21}},"loc":{"start":{"line":189,"column":41},"end":{"line":205,"column":2}},"line":189},"10":{"name":"(anonymous_10)","decl":{"start":{"line":191,"column":44},"end":{"line":191,"column":45}},"loc":{"start":{"line":191,"column":53},"end":{"line":196,"column":3}},"line":191},"11":{"name":"(anonymous_11)","decl":{"start":{"line":197,"column":16},"end":{"line":197,"column":17}},"loc":{"start":{"line":197,"column":25},"end":{"line":203,"column":3}},"line":197},"12":{"name":"(anonymous_12)","decl":{"start":{"line":208,"column":25},"end":{"line":208,"column":26}},"loc":{"start":{"line":208,"column":37},"end":{"line":226,"column":1}},"line":208},"13":{"name":"(anonymous_13)","decl":{"start":{"line":209,"column":20},"end":{"line":209,"column":21}},"loc":{"start":{"line":209,"column":41},"end":{"line":225,"column":2}},"line":209},"14":{"name":"(anonymous_14)","decl":{"start":{"line":211,"column":44},"end":{"line":211,"column":45}},"loc":{"start":{"line":211,"column":53},"end":{"line":216,"column":3}},"line":211},"15":{"name":"(anonymous_15)","decl":{"start":{"line":217,"column":17},"end":{"line":217,"column":18}},"loc":{"start":{"line":217,"column":26},"end":{"line":223,"column":3}},"line":217},"16":{"name":"(anonymous_16)","decl":{"start":{"line":228,"column":24},"end":{"line":228,"column":25}},"loc":{"start":{"line":228,"column":36},"end":{"line":246,"column":1}},"line":228},"17":{"name":"(anonymous_17)","decl":{"start":{"line":229,"column":20},"end":{"line":229,"column":21}},"loc":{"start":{"line":229,"column":41},"end":{"line":245,"column":2}},"line":229},"18":{"name":"(anonymous_18)","decl":{"start":{"line":231,"column":44},"end":{"line":231,"column":45}},"loc":{"start":{"line":231,"column":53},"end":{"line":236,"column":3}},"line":231},"19":{"name":"(anonymous_19)","decl":{"start":{"line":237,"column":16},"end":{"line":237,"column":17}},"loc":{"start":{"line":237,"column":25},"end":{"line":243,"column":3}},"line":237},"20":{"name":"(anonymous_20)","decl":{"start":{"line":248,"column":26},"end":{"line":248,"column":27}},"loc":{"start":{"line":248,"column":38},"end":{"line":266,"column":1}},"line":248},"21":{"name":"(anonymous_21)","decl":{"start":{"line":249,"column":20},"end":{"line":249,"column":21}},"loc":{"start":{"line":249,"column":41},"end":{"line":265,"column":2}},"line":249},"22":{"name":"(anonymous_22)","decl":{"start":{"line":251,"column":44},"end":{"line":251,"column":45}},"loc":{"start":{"line":251,"column":53},"end":{"line":256,"column":3}},"line":251},"23":{"name":"(anonymous_23)","decl":{"start":{"line":257,"column":18},"end":{"line":257,"column":19}},"loc":{"start":{"line":257,"column":27},"end":{"line":263,"column":3}},"line":257},"24":{"name":"(anonymous_24)","decl":{"start":{"line":268,"column":24},"end":{"line":268,"column":25}},"loc":{"start":{"line":268,"column":36},"end":{"line":286,"column":1}},"line":268},"25":{"name":"(anonymous_25)","decl":{"start":{"line":269,"column":20},"end":{"line":269,"column":21}},"loc":{"start":{"line":269,"column":41},"end":{"line":285,"column":2}},"line":269},"26":{"name":"(anonymous_26)","decl":{"start":{"line":271,"column":44},"end":{"line":271,"column":45}},"loc":{"start":{"line":271,"column":53},"end":{"line":276,"column":3}},"line":271},"27":{"name":"(anonymous_27)","decl":{"start":{"line":277,"column":16},"end":{"line":277,"column":17}},"loc":{"start":{"line":277,"column":25},"end":{"line":283,"column":3}},"line":277},"28":{"name":"(anonymous_28)","decl":{"start":{"line":289,"column":25},"end":{"line":289,"column":26}},"loc":{"start":{"line":289,"column":37},"end":{"line":307,"column":1}},"line":289},"29":{"name":"(anonymous_29)","decl":{"start":{"line":290,"column":20},"end":{"line":290,"column":21}},"loc":{"start":{"line":290,"column":41},"end":{"line":306,"column":2}},"line":290},"30":{"name":"(anonymous_30)","decl":{"start":{"line":292,"column":44},"end":{"line":292,"column":45}},"loc":{"start":{"line":292,"column":53},"end":{"line":297,"column":3}},"line":292},"31":{"name":"(anonymous_31)","decl":{"start":{"line":298,"column":17},"end":{"line":298,"column":18}},"loc":{"start":{"line":298,"column":26},"end":{"line":304,"column":3}},"line":298},"32":{"name":"(anonymous_32)","decl":{"start":{"line":309,"column":24},"end":{"line":309,"column":25}},"loc":{"start":{"line":309,"column":36},"end":{"line":327,"column":1}},"line":309},"33":{"name":"(anonymous_33)","decl":{"start":{"line":310,"column":20},"end":{"line":310,"column":21}},"loc":{"start":{"line":310,"column":41},"end":{"line":326,"column":2}},"line":310},"34":{"name":"(anonymous_34)","decl":{"start":{"line":312,"column":44},"end":{"line":312,"column":45}},"loc":{"start":{"line":312,"column":53},"end":{"line":317,"column":3}},"line":312},"35":{"name":"(anonymous_35)","decl":{"start":{"line":318,"column":16},"end":{"line":318,"column":17}},"loc":{"start":{"line":318,"column":25},"end":{"line":324,"column":3}},"line":318},"36":{"name":"(anonymous_36)","decl":{"start":{"line":329,"column":24},"end":{"line":329,"column":25}},"loc":{"start":{"line":329,"column":36},"end":{"line":347,"column":1}},"line":329},"37":{"name":"(anonymous_37)","decl":{"start":{"line":330,"column":20},"end":{"line":330,"column":21}},"loc":{"start":{"line":330,"column":41},"end":{"line":346,"column":2}},"line":330},"38":{"name":"(anonymous_38)","decl":{"start":{"line":332,"column":44},"end":{"line":332,"column":45}},"loc":{"start":{"line":332,"column":53},"end":{"line":337,"column":3}},"line":332},"39":{"name":"(anonymous_39)","decl":{"start":{"line":338,"column":16},"end":{"line":338,"column":17}},"loc":{"start":{"line":338,"column":25},"end":{"line":344,"column":3}},"line":338},"40":{"name":"(anonymous_40)","decl":{"start":{"line":349,"column":25},"end":{"line":349,"column":26}},"loc":{"start":{"line":349,"column":37},"end":{"line":367,"column":1}},"line":349},"41":{"name":"(anonymous_41)","decl":{"start":{"line":350,"column":20},"end":{"line":350,"column":21}},"loc":{"start":{"line":350,"column":41},"end":{"line":366,"column":2}},"line":350},"42":{"name":"(anonymous_42)","decl":{"start":{"line":352,"column":44},"end":{"line":352,"column":45}},"loc":{"start":{"line":352,"column":53},"end":{"line":357,"column":3}},"line":352},"43":{"name":"(anonymous_43)","decl":{"start":{"line":358,"column":17},"end":{"line":358,"column":18}},"loc":{"start":{"line":358,"column":26},"end":{"line":364,"column":3}},"line":358},"44":{"name":"(anonymous_44)","decl":{"start":{"line":369,"column":29},"end":{"line":369,"column":30}},"loc":{"start":{"line":369,"column":41},"end":{"line":387,"column":1}},"line":369},"45":{"name":"(anonymous_45)","decl":{"start":{"line":370,"column":20},"end":{"line":370,"column":21}},"loc":{"start":{"line":370,"column":41},"end":{"line":386,"column":2}},"line":370},"46":{"name":"(anonymous_46)","decl":{"start":{"line":372,"column":44},"end":{"line":372,"column":45}},"loc":{"start":{"line":372,"column":53},"end":{"line":377,"column":3}},"line":372},"47":{"name":"(anonymous_47)","decl":{"start":{"line":378,"column":21},"end":{"line":378,"column":22}},"loc":{"start":{"line":378,"column":30},"end":{"line":384,"column":3}},"line":378},"48":{"name":"(anonymous_48)","decl":{"start":{"line":389,"column":24},"end":{"line":389,"column":25}},"loc":{"start":{"line":389,"column":36},"end":{"line":407,"column":1}},"line":389},"49":{"name":"(anonymous_49)","decl":{"start":{"line":390,"column":20},"end":{"line":390,"column":21}},"loc":{"start":{"line":390,"column":41},"end":{"line":406,"column":2}},"line":390},"50":{"name":"(anonymous_50)","decl":{"start":{"line":392,"column":44},"end":{"line":392,"column":45}},"loc":{"start":{"line":392,"column":53},"end":{"line":397,"column":3}},"line":392},"51":{"name":"(anonymous_51)","decl":{"start":{"line":398,"column":16},"end":{"line":398,"column":17}},"loc":{"start":{"line":398,"column":25},"end":{"line":404,"column":3}},"line":398},"52":{"name":"(anonymous_52)","decl":{"start":{"line":411,"column":23},"end":{"line":411,"column":24}},"loc":{"start":{"line":411,"column":40},"end":{"line":446,"column":1}},"line":411}},"branchMap":{"0":{"loc":{"start":{"line":152,"column":3},"end":{"line":155,"column":4}},"type":"if","locations":[{"start":{"line":152,"column":3},"end":{"line":155,"column":4}},{"start":{"line":152,"column":3},"end":{"line":155,"column":4}}],"line":152},"1":{"loc":{"start":{"line":158,"column":3},"end":{"line":161,"column":4}},"type":"if","locations":[{"start":{"line":158,"column":3},"end":{"line":161,"column":4}},{"start":{"line":158,"column":3},"end":{"line":161,"column":4}}],"line":158},"2":{"loc":{"start":{"line":172,"column":3},"end":{"line":175,"column":4}},"type":"if","locations":[{"start":{"line":172,"column":3},"end":{"line":175,"column":4}},{"start":{"line":172,"column":3},"end":{"line":175,"column":4}}],"line":172},"3":{"loc":{"start":{"line":178,"column":3},"end":{"line":181,"column":4}},"type":"if","locations":[{"start":{"line":178,"column":3},"end":{"line":181,"column":4}},{"start":{"line":178,"column":3},"end":{"line":181,"column":4}}],"line":178},"4":{"loc":{"start":{"line":192,"column":3},"end":{"line":195,"column":4}},"type":"if","locations":[{"start":{"line":192,"column":3},"end":{"line":195,"column":4}},{"start":{"line":192,"column":3},"end":{"line":195,"column":4}}],"line":192},"5":{"loc":{"start":{"line":198,"column":3},"end":{"line":201,"column":4}},"type":"if","locations":[{"start":{"line":198,"column":3},"end":{"line":201,"column":4}},{"start":{"line":198,"column":3},"end":{"line":201,"column":4}}],"line":198},"6":{"loc":{"start":{"line":212,"column":3},"end":{"line":215,"column":4}},"type":"if","locations":[{"start":{"line":212,"column":3},"end":{"line":215,"column":4}},{"start":{"line":212,"column":3},"end":{"line":215,"column":4}}],"line":212},"7":{"loc":{"start":{"line":218,"column":3},"end":{"line":221,"column":4}},"type":"if","locations":[{"start":{"line":218,"column":3},"end":{"line":221,"column":4}},{"start":{"line":218,"column":3},"end":{"line":221,"column":4}}],"line":218},"8":{"loc":{"start":{"line":232,"column":3},"end":{"line":235,"column":4}},"type":"if","locations":[{"start":{"line":232,"column":3},"end":{"line":235,"column":4}},{"start":{"line":232,"column":3},"end":{"line":235,"column":4}}],"line":232},"9":{"loc":{"start":{"line":238,"column":3},"end":{"line":241,"column":4}},"type":"if","locations":[{"start":{"line":238,"column":3},"end":{"line":241,"column":4}},{"start":{"line":238,"column":3},"end":{"line":241,"column":4}}],"line":238},"10":{"loc":{"start":{"line":252,"column":3},"end":{"line":255,"column":4}},"type":"if","locations":[{"start":{"line":252,"column":3},"end":{"line":255,"column":4}},{"start":{"line":252,"column":3},"end":{"line":255,"column":4}}],"line":252},"11":{"loc":{"start":{"line":258,"column":3},"end":{"line":261,"column":4}},"type":"if","locations":[{"start":{"line":258,"column":3},"end":{"line":261,"column":4}},{"start":{"line":258,"column":3},"end":{"line":261,"column":4}}],"line":258},"12":{"loc":{"start":{"line":272,"column":3},"end":{"line":275,"column":4}},"type":"if","locations":[{"start":{"line":272,"column":3},"end":{"line":275,"column":4}},{"start":{"line":272,"column":3},"end":{"line":275,"column":4}}],"line":272},"13":{"loc":{"start":{"line":278,"column":3},"end":{"line":281,"column":4}},"type":"if","locations":[{"start":{"line":278,"column":3},"end":{"line":281,"column":4}},{"start":{"line":278,"column":3},"end":{"line":281,"column":4}}],"line":278},"14":{"loc":{"start":{"line":293,"column":3},"end":{"line":296,"column":4}},"type":"if","locations":[{"start":{"line":293,"column":3},"end":{"line":296,"column":4}},{"start":{"line":293,"column":3},"end":{"line":296,"column":4}}],"line":293},"15":{"loc":{"start":{"line":299,"column":3},"end":{"line":302,"column":4}},"type":"if","locations":[{"start":{"line":299,"column":3},"end":{"line":302,"column":4}},{"start":{"line":299,"column":3},"end":{"line":302,"column":4}}],"line":299},"16":{"loc":{"start":{"line":313,"column":3},"end":{"line":316,"column":4}},"type":"if","locations":[{"start":{"line":313,"column":3},"end":{"line":316,"column":4}},{"start":{"line":313,"column":3},"end":{"line":316,"column":4}}],"line":313},"17":{"loc":{"start":{"line":319,"column":3},"end":{"line":322,"column":4}},"type":"if","locations":[{"start":{"line":319,"column":3},"end":{"line":322,"column":4}},{"start":{"line":319,"column":3},"end":{"line":322,"column":4}}],"line":319},"18":{"loc":{"start":{"line":333,"column":3},"end":{"line":336,"column":4}},"type":"if","locations":[{"start":{"line":333,"column":3},"end":{"line":336,"column":4}},{"start":{"line":333,"column":3},"end":{"line":336,"column":4}}],"line":333},"19":{"loc":{"start":{"line":339,"column":3},"end":{"line":342,"column":4}},"type":"if","locations":[{"start":{"line":339,"column":3},"end":{"line":342,"column":4}},{"start":{"line":339,"column":3},"end":{"line":342,"column":4}}],"line":339},"20":{"loc":{"start":{"line":353,"column":3},"end":{"line":356,"column":4}},"type":"if","locations":[{"start":{"line":353,"column":3},"end":{"line":356,"column":4}},{"start":{"line":353,"column":3},"end":{"line":356,"column":4}}],"line":353},"21":{"loc":{"start":{"line":359,"column":3},"end":{"line":362,"column":4}},"type":"if","locations":[{"start":{"line":359,"column":3},"end":{"line":362,"column":4}},{"start":{"line":359,"column":3},"end":{"line":362,"column":4}}],"line":359},"22":{"loc":{"start":{"line":373,"column":3},"end":{"line":376,"column":4}},"type":"if","locations":[{"start":{"line":373,"column":3},"end":{"line":376,"column":4}},{"start":{"line":373,"column":3},"end":{"line":376,"column":4}}],"line":373},"23":{"loc":{"start":{"line":379,"column":3},"end":{"line":382,"column":4}},"type":"if","locations":[{"start":{"line":379,"column":3},"end":{"line":382,"column":4}},{"start":{"line":379,"column":3},"end":{"line":382,"column":4}}],"line":379},"24":{"loc":{"start":{"line":393,"column":3},"end":{"line":396,"column":4}},"type":"if","locations":[{"start":{"line":393,"column":3},"end":{"line":396,"column":4}},{"start":{"line":393,"column":3},"end":{"line":396,"column":4}}],"line":393},"25":{"loc":{"start":{"line":399,"column":3},"end":{"line":402,"column":4}},"type":"if","locations":[{"start":{"line":399,"column":3},"end":{"line":402,"column":4}},{"start":{"line":399,"column":3},"end":{"line":402,"column":4}}],"line":399}},"s":{"0":1,"1":1,"2":1,"3":1,"4":1,"5":1,"6":1,"7":1,"8":1,"9":1,"10":1,"11":1,"12":1,"13":1,"14":1,"15":1,"16":1,"17":0,"18":0,"19":0,"20":0,"21":0,"22":0,"23":0,"24":0,"25":0,"26":0,"27":0,"28":1,"29":0,"30":0,"31":0,"32":0,"33":0,"34":0,"35":0,"36":0,"37":0,"38":0,"39":0,"40":1,"41":0,"42":0,"43":0,"44":0,"45":0,"46":0,"47":0,"48":0,"49":0,"50":0,"51":0,"52":1,"53":0,"54":0,"55":0,"56":0,"57":0,"58":0,"59":0,"60":0,"61":0,"62":0,"63":0,"64":1,"65":0,"66":0,"67":0,"68":0,"69":0,"70":0,"71":0,"72":0,"73":0,"74":0,"75":0,"76":1,"77":0,"78":0,"79":0,"80":0,"81":0,"82":0,"83":0,"84":0,"85":0,"86":0,"87":0,"88":1,"89":0,"90":0,"91":0,"92":0,"93":0,"94":0,"95":0,"96":0,"97":0,"98":0,"99":0,"100":1,"101":0,"102":0,"103":0,"104":0,"105":0,"106":0,"107":0,"108":0,"109":0,"110":0,"111":0,"112":1,"113":0,"114":0,"115":0,"116":0,"117":0,"118":0,"119":0,"120":0,"121":0,"122":0,"123":0,"124":1,"125":0,"126":0,"127":0,"128":0,"129":0,"130":0,"131":0,"132":0,"133":0,"134":0,"135":0,"136":1,"137":0,"138":0,"139":0,"140":0,"141":0,"142":0,"143":0,"144":0,"145":0,"146":0,"147":0,"148":1,"149":0,"150":0,"151":0,"152":0,"153":0,"154":0,"155":0,"156":0,"157":0,"158":0,"159":0,"160":1,"161":0,"162":0,"163":0,"164":0,"165":0,"166":0,"167":0,"168":0,"169":0,"170":0,"171":0,"172":1,"173":0,"174":0,"175":0,"176":0,"177":0,"178":0,"179":0,"180":0,"181":0,"182":0,"183":0,"184":0,"185":0,"186":0,"187":0,"188":0,"189":0,"190":0,"191":0,"192":0,"193":0,"194":0,"195":0,"196":0,"197":0,"198":0,"199":0,"200":0,"201":0,"202":0,"203":0,"204":0},"f":{"0":0,"1":0,"2":0,"3":0,"4":0,"5":0,"6":0,"7":0,"8":0,"9":0,"10":0,"11":0,"12":0,"13":0,"14":0,"15":0,"16":0,"17":0,"18":0,"19":0,"20":0,"21":0,"22":0,"23":0,"24":0,"25":0,"26":0,"27":0,"28":0,"29":0,"30":0,"31":0,"32":0,"33":0,"34":0,"35":0,"36":0,"37":0,"38":0,"39":0,"40":0,"41":0,"42":0,"43":0,"44":0,"45":0,"46":0,"47":0,"48":0,"49":0,"50":0,"51":0,"52":0},"b":{"0":[0,0],"1":[0,0],"2":[0,0],"3":[0,0],"4":[0,0],"5":[0,0],"6":[0,0],"7":[0,0],"8":[0,0],"9":[0,0],"10":[0,0],"11":[0,0],"12":[0,0],"13":[0,0],"14":[0,0],"15":[0,0],"16":[0,0],"17":[0,0],"18":[0,0],"19":[0,0],"20":[0,0],"21":[0,0],"22":[0,0],"23":[0,0],"24":[0,0],"25":[0,0]},"_coverageSchema":"1a1c01bbd47fc00a2c39e90264f33305004495a9","hash":"4a7035a119184ffb23dd0cc3caac6c157e94327a","contentHash":"d06c6426ed6312378eb555764ccbae50040c4411e8e650c7d1b2ca504b360c84"}}